-------------------------------------------------------------
               *** NRSC VOLUME HEADER RECORD ***
-------------------------------------------------------------
Volume Serial Number : 911106
Owner Identification : RAE Image Tape
-------------------------------------------------------------
                  *** NRSC HEADER RECORD ***
-------------------------------------------------------------
File Identification  : RAE Image . . .  
Set Identification   : 911106
File Section Number  : 0001
File Sequence Number :   01
Creation Date  YYDDD :  91310
-------------------------------------------------------------
               *** NRSC IMAGE HEADER RECORD ***
-------------------------------------------------------------
Bytes per Pixel      :      1
Pixels per Line      :   2071
Lines per Image      :   1551
Band number          :      1
Image Description    : 
IOW EXTRACT - XS1                                                               
