!  FEAT_CLASS file used as a qualifier in the I2NTF transfer
! ===================================================================
!
!Created		MJQ		9-Jul-90
!
!
!!!!!!!!!!!!!!!!!!!!!!!!!!!!!!!!!!!!!!!!!!!!!!!!!!!!!!!!!!!!!!!!!!!!!!
!
!FEATURE	FCODE		CODECOM		STCLASS		FEATDES
!
FEATURE		0001T		 NONE		NONE 		TRUNK
FEATURE		0002T            NONE		NONE            DISTRIBUTION
FEATURE		0050T            NONE		NONE            SERVICE
FEATURE		0051T            NONE		NONE            PRIVATE
FEATURE		0060T            NONE		NONE            ABANDONED
FEATURE		0070T            NONE		NONE            T_JUNTION
FEATURE		0071T            NONE		NONE            TERMINATION
FEATURE		0072T            NONE		NONE            END_CAP
FEATURE		0100T            NONE		NONE            SLUICE_ANTI
FEATURE		0101T            NONE		NONE            SLUICE_CLOCK
FEATURE		0102T            NONE		NONE            CLOSED_VALVE
FEATURE		0103T            NONE		NONE            EMPTYING_VALVE
FEATURE		0104T            NONE		NONE            PRESSURE_RED
FEATURE		0105T            NONE		NONE            REFLUX_VALVE
FEATURE		0110T            NONE		NONE            AIR_VALVE
FEATURE		0120F            NONE		NONE            FIRE_HYDRANT
FEATURE		0121T            NONE		NONE            HYDRANT
FEATURE		0122T            NONE		NONE            METER_NODED
FEATURE		0123T            NONE		NONE            METER_UNNODED
FEATURE		0130T            NONE		NONE            ABSTRACTION_PT
FEATURE		0131T            NONE		NONE            ANODE
FEATURE		0132T            NONE		NONE            BOOSTER
FEATURE		0133T            NONE		NONE            BOREHOLE
FEATURE		0140T            NONE		NONE            PIPE_CHANGE
FEATURE		0141T            NONE		NONE            STOP_COCK
FEATURE		0150T            NONE		NONE            CONFINED_SPACE
FEATURE		0160T            NONE		NONE            DIALYSIS_UNIT
FEATURE		0161T            NONE		NONE            INTERMEDIATE
FEATURE		0162T            NONE		NONE            PUMP_STATION
FEATURE		0163T            NONE		NONE            TELEMETRY_STN
FEATURE		0172T            NONE		NONE            RESERVOIRS
FEATURE		0173T            NONE		NONE            SER_RES
FEATURE		0191T            NONE		NONE            SEWAGE_TREATMT
FEATURE		0193T            NONE		NONE            WATER_TREATMT
FEATURE		0202T            NONE		NONE            STREET_POINT
FEATURE		0210T            NONE		NONE            EDGE_NODE
FEATURE		9998T            NONE		NONE            TEXT
FEATURE		9999T            NONE		NONE            SYMBOL_POINT
!
!
