================================== I 2 N T F ===================================

I2NTF invoked by VERONICA using terminal LTA470: at 22-JUN-1990 14:53:30.72     

Command line:

I2NTF THERE:NWWTEST_BRK.IFJ/LEVEL=3/OUTPUT=NWW.LOG/RECIP=NWW
/DBNAME="NWW_OVERLAYS"/DDNAME="NWW.ATTRIBS"/WATER_DISTRIB
/ATTRIBUTE_FILE=TEST.ATT/FRT=HERE:NWW.FRT NWWTEST.NTF 

================================================================================

 
NTF level 3                                                                     
Recipient of data is "NWW                 "                                     
Donor of data is     "Laser-Scan Ltd      "                                     
Database name is  "NWW_OVERLAYS        "                                        
Data dictionary name is  "NWW.ATTRIBS         "                                 
Data dictionary date is  "19890401"                                             
Feature classification scheme is "                    "                         
Feature classification scheme date is "00000000"                                
NTF output to NWWTEST.NTF;0                                                     
Output is as required for water distribution overlays
 
// NTF data output by Laser-Scan's CONVERT utility I2NTF 
//   
// IFF file        THERE:NWWTEST_BRK.IFJ;0 
// Spheroid        Airy           
// Projection        UK national  
// Scale           1250           
// Units           metres         
// Height data     metres         
