Listing of save set(s)

Save set:          LSLIMI1415.A
Written by:        SYS6        
UIC:               [000001,000606]
Date:              24-FEB-1995 14:28:50.77
Command:           BACKUP/NOASSIST/COMMENT=LSLKITBLD Procedure/INTER/LOG/VERIFY KITINSTAL.COM,LSL$PUBLIC_ROOT:[CONVERT.COM]LSLIMI_MENU.COM,LSLIMI_LSLINI.COM,LSLIMI_MENU_INI.COM,[CONVERT.EXE]*IMAP*.EXE,*OSTF*.EXE,*NTF*.EXE,[CONVERT.LOOKUP]OS.*IMAP*_PAR,[MAPPING.LIB]*SHR.EXE,*SHR_TV.EXE,[LSLSYSTEM.LIB]LSLSHR.EXE,LSLSHR_TV.EXE LSLV4G$MKA400:[0,0]LSLIMI1415.A/LABEL=(LSLIMI)/SAVE/REWI/IGNORE=LABEL
Operating system:  VAX/VMS version V5.5
BACKUP version:    V5.5-2
CPU ID register:   12000003
Node name:         _LSLV4G::
Written on:        _LSLV4G$MKA400:
Block size:        8192
Group size:        10
Buffer count:      37

[CONVERT.LSLIMI_INSTALL]KITINSTAL.COM;18                    8  24-FEB-1995 14:28
[CONVERT.COM]LSLIMI_MENU.COM;3                            199  27-OCT-1988 11:43
[CONVERT.COM]LSLIMI_LSLINI.COM;5                            7  13-FEB-1995 16:41
[CONVERT.COM]LSLIMI_MENU_INI.COM;3                          3  27-OCT-1988 11:45
[CONVERT.EXE]I2IMAP.EXE;5                                  80  21-FEB-1995 17:51
[CONVERT.EXE]I2IMAP_AXP.EXE;1                             149  21-FEB-1995 17:31
[CONVERT.EXE]I2IMAP_V33.EXE;2                             140  21-DEC-1992 17:34
[CONVERT.EXE]I2IMAP_V34.EXE;2                             125  11-AUG-1994 11:55
[CONVERT.EXE]IMAP2I.EXE;4                                  75  21-FEB-1995 18:08
[CONVERT.EXE]IMAP2I_AXP.EXE;1                             155  21-FEB-1995 18:15
[CONVERT.EXE]IMAP2I_V33.EXE;1                             107  26-MAR-1992 12:12
[CONVERT.EXE]IMAP2I_V34.EXE;2                             120  11-AUG-1994 12:21
[CONVERT.EXE]I2OSTF.EXE;31                                106  28-NOV-1994 16:04
[CONVERT.EXE]I2OSTF_TV.EXE;2                              628  28-NOV-1994 16:11
[CONVERT.EXE]OSTF2I.EXE;24                                 93  23-NOV-1994 15:31
[CONVERT.EXE]OSTF2I_TV.EXE;2                              485  23-NOV-1994 15:39
[CONVERT.EXE]OSTFINDEX.EXE;2                                8  21-OCT-1988 12:13
[CONVERT.EXE]OSTFINDEX_TV.EXE;1                            44  22-MAR-1994 11:09
[CONVERT.EXE]I2NTF.EXE;32                                 280  17-JAN-1995 16:01
[CONVERT.EXE]I2NTF_TV.EXE;3                              1689  18-JAN-1995 12:53
[CONVERT.EXE]NTF2I.EXE;29                                 292  16-DEC-1994 10:45
[CONVERT.EXE]NTF2I_TV.EXE;2                              2525  16-DEC-1994 11:24
[CONVERT.LOOKUP]OS.I2IMAP_PAR;4                             8  27-OCT-1988 11:36
[CONVERT.LOOKUP]OS.IMAP2I_PAR;4                             4  27-OCT-1988 11:38
[MAPPING.LIB]FRTSHR.EXE;4                                 191  15-DEC-1994 10:09
[MAPPING.LIB]IFFSHR.EXE;21                                137   4-NOV-1993 14:45
[MAPPING.LIB]FRTSHR_TV.EXE;3                              720  16-DEC-1994 14:55
[MAPPING.LIB]IFFSHR_TV.EXE;1                              432  22-MAR-1994 16:39
[LSLSYSTEM.LIB]LSLSHR.EXE;21                              205   6-DEC-1994 11:53
[LSLSYSTEM.LIB]LSLSHR_TV.EXE;2                            618   6-DEC-1994 11:57

Total of 30 files, 9633 blocks
End of save set

