
 IFF file       : LSL$USER_ROOT:[RWH.CUSTOMERS.AWA.DATA]I2IMAP_SEC_GRAP.IFF;1
 Created on     :  9-JUL-1992 17:44:59.56
 Updated on     : 13-JUL-1992 13:06:25.71 (Revision number : 3)


 Range Information
 -----------------

 Xmin =        0.000      Xmax =      500.000
 Ymin =        0.000      Ymax =      500.000


 Window Information
 ------------------

 X window min =        0.000      X window max =      500.000
 Y window min =        0.000      Y window max =      500.000


 History Record Information
 --------------------------
Date        Time  Username     Program   Function     Elapsed  CPU      STATUS 


 7-JUL-1992 16:19 RWH          IFROMTEXT Create       00:00:02 00:00:00 00000001
 8-JUL-1992 14:29 RWH          LITES2MOT Workspace    00:00:33 00:00:00 00000000
 8-JUL-1992 14:31 RWH          LITES2MOT Output       00:00:01 00:00:00 00000001
 8-JUL-1992 14:42 RWH          LITES2MOT Workspace    00:02:30 00:00:02 00000000
 8-JUL-1992 14:44 RWH          LITES2MOT Output       00:00:01 00:00:00 00000001
 9-JUL-1992 17:31 RWH          LITES2MOT Workspace    00:12:13 00:00:03 00000000
 9-JUL-1992 17:44 RWH          LITES2MOT Output       00:00:01 00:00:00 00000001


 Control Point Information
 -------------------------

  NW          0.000        500.000          0.000        500.000
  SW          0.000          0.000          0.000          0.000
  SE        500.000          0.000        500.000          0.000
  NE        500.000        500.000        500.000        500.000


 Information per Layer
 ---------------------

 Layer    No. of     No. of      No. of           2-D                3-D
 Number  Features  2-D Points  3-D Points        Line-Length        Line-Length

     0        4            8           0            2000.000              0.000
     1        6           26           0             157.932              0.000


 Information per Feature Code
 ----------------------------

 Feature  No. of     No. of      No. of           2-D                3-D
  Code   Features  2-D Points  3-D Points        Line-Length        Line-Length

      1       2           20           0              88.275              0.000
     30       2            4           0              69.657              0.000
    321       2            2           0               0.000              0.000
    398       4            8           0            2000.000              0.000



 Totals Information
 ------------------

 Total number of layers =                 2
 Total number of features =              10
 Total number of 2-D points =            34
 Total number of 3-D points =             0
 Total 2-D line-length =           2157.932
 Total 3-D line-length =              0.000
