Ident list for LSL$PUBLIC_ROOT:[*.EXE]*.EXE on  3-FEB-1991 17:34:38.63

Package AIDU

 Program name "GRT", of 27-APR-1990 12:08
 Program name "GRTUIS", of 27-APR-1990 12:08
 Program name "I2MPS", of  9-MAR-1987 15:26
 Program name "MPS2I", of  8-MAY-1987 13:40
 Program name "STDTOTEXT", of 23-APR-1987 15:14
 Program name "WIT", of 18-MAY-1988 10:49
 Program name "WIT2I", of 24-NOV-1988 12:24
 Program name "WMP", of 27-NOV-1987 13:09

Package ARGS

 Program name "G", of unknown date     
 Program name "DISPLAY", of unknown date     
 Program name "PALETTE", of unknown date     
 Program name "SIGCLR", of unknown date     
 Program name "SIGRESET", of unknown date     
 Program name "VSCLR", of unknown date     

Package CONVERT

 Program name "ARC2I", of 30-JAN-1991 18:11
 Program name "CEDD2I", of 13-SEP-1988 12:44
 Program name "DXF2I", of 25-OCT-1990 18:45
 Program name "I2ARC", of 19-MAR-1990 09:55
 Program name "I2CEDD", of 13-SEP-1988 12:41
 Program name "I2DLG", of  1-NOV-1989 10:15
 Program name "I2DXF", of 25-OCT-1990 18:57
 Program name "I2GDB", of  3-OCT-1990 09:25
 Program name "I2IMAP", of 28-FEB-1990 09:41
 Program name "I2KERNCAM", of 15-NOV-1988 11:16
 Program name "I2MGD", of 25-AUG-1988 22:37
 Program name "I2MOSS", of 30-OCT-1989 16:39
 Program name "I2NTF", of 25-JAN-1991 10:43
 Program name "I2OSTF", of 16-JAN-1991 13:36
 Program name "I2TDST", of  9-JAN-1991 11:36
 Program name "IFF2SIF", of 20-JUL-1990 15:02
 Program name "IMAP2I", of 13-JUL-1989 15:28
 Program name "KERNCAM2I", of  6-JAN-1989 10:08
 Program name "MGD2I", of 25-AUG-1988 22:46
 Program name "MSDS2I", of 16-FEB-1990 15:44
 Program name "NTF2I", of 18-JAN-1991 10:53
 Program name "OSMHED", of 18-JUL-1990 09:32
 Program name "OSPIF", of  2-NOV-1990 10:52
 Program name "OSTF2I", of 19-DEC-1990 12:35
 Program name "OSTFINDEX", of 22-SEP-1988 09:42
 Program name "SCITEX_LICENCE", of 21-DEC-1989 15:01
 Program name "SIF2IFF", of 29-SEP-1990 21:54
 Program name "TDST2I", of 26-JUL-1990 11:52

Package DAMP

 Program name "CHKLP", of  6-AUG-1986 16:16
 Program name "CMPIFF", of  4-JUN-1985 11:10
 Program name "I2TEXT", of unknown date     
 Program name "ICE", of unknown date     
 Program name "ICLIP", of unknown date     
 Program name "IED", of  3-FEB-1986 16:52
 Program name "IFINFO", of unknown date     
 Program name "IFIX", of unknown date     
 Program name "IFP", of unknown date     
 Program name "IFSN", of unknown date     
 Program name "IFT", of 16-JUL-1985 16:45
 Program name "IPR", of  8-AUG-1988 15:57
 Program name "IRN", of unknown date     
 Program name "LIT", of 12-NOV-1985 18:30
 Program name "MER", of unknown date     
 File LSL$PUBLIC_ROOT:[DAMP.EXE]MIFF.EXE;1 is not standard image
 Program name "RAPATCH", of unknown date     
 Program name "SCI", of unknown date     
 Program name "SELAC", of 27-APR-1987 12:56
 Program name "SIF", of 26-JUN-1985 11:27
 Program name "TEXT2I", of 14-JUL-1986 11:49

Package DASHEX

 Program name "AUTOPLOT", of 31-MAY-1990 09:10
 Program name "CREATEJOB", of 31-MAY-1990 09:31
 Program name "DASHEX", of 29-JAN-1991 16:29
 Program name "DINT", of 15-SEP-1988 12:13
 Program name "FILM_INFORM", of 15-OCT-1990 11:35
 Program name "FILM_UPDATE_CUST", of 24-OCT-1990 09:24
 Program name "FILM_UPDATE_FILE", of 24-OCT-1990 09:23
 Program name "FILM_UPDATE_PLS", of 24-OCT-1990 09:25
 Program name "FPPLWS", of  4-NOV-1988 16:39
 Program name "LDFLUSH", of  4-MAR-1987 10:28
 Program name "LEADER", of 15-OCT-1990 11:45
 Program name "MESSAGE", of 15-OCT-1990 13:43
 Program name "MOUNT_TAPE", of 17-JUL-1990 09:29
 Program name "NEWFILM", of 28-JAN-1987 11:58
 Program name "POSTTEST", of 22-JAN-1987 12:22
 Program name "TRANSLATE", of  5-DEC-1990 14:15

Package DECCA1

 Program name "DECCA_SYMBOL", of 16-FEB-1989 14:10
 Program name "ROUTINES_101_NOTES", of 16-FEB-1989 09:38
 Program name "ROUTINES_102_COMPASS", of 15-FEB-1989 11:56

Package DECUS

 Program name "BRUNOFF", of 16-SEP-1987 09:32
 Program name "KERMIT", of  8-MAY-1986 11:48
 Program name "LIBSEARCH", of  2-MAY-1989 10:40
 Program name "NEWS", of 17-MAY-1989 17:14
 Program name "PCCX", of 22-JUN-1987 14:08
 Program name "PCX", of 31-AUG-1990 11:02
 Program name "VERB", of 31-MAY-1989 10:05
 Program name "VFE", of unknown date     

Package DFAD

 Program name "DFAD2I", of 11-MAY-1990 15:23
 Program name "DFADVAL", of 13-OCT-1989 12:15
 Program name "FADTINPUT", of 28-FEB-1990 17:27
 Program name "FADTMERGE", of 26-SEP-1989 14:24
 Program name "I2DFAD", of 11-OCT-1988 16:09
 Program name "MCEHED", of 18-JUN-1988 14:50

Package DIGSYS

 Program name "CONTROL", of 14-NOV-1990 15:26
 Program name "NEWTEXT", of 19-MAR-1987 18:20
 Program name "TABLE", of 14-NOV-1990 15:48

Package DTMCONVERT

 Program name "DEM2DTI", of  1-NOV-1989 09:37
 Program name "DTED2DTI", of 27-OCT-1989 12:57
 Program name "DTEDIFF", of 24-AUG-1988 11:58
 Program name "DTI2DEM", of  1-NOV-1989 10:14
 Program name "DTI2DTED", of 11-JAN-1990 17:24
 Program name "DTI2IIS", of 20-DEC-1988 11:20
 Program name "IIS2DTI", of 22-JUN-1989 15:18
 Program name "MNT2DTI", of 24-AUG-1990 14:44
 Program name "NTF2DTI", of  6-JAN-1989 11:09

Package DTMCREATE

 Program name "TRIANG", of  7-NOV-1989 11:24
 Program name "TRIDER", of  6-FEB-1989 12:25
 Program name "TRIEDIT", of  3-FEB-1989 18:35
 Program name "TRIGRID", of  2-MAR-1989 11:40

Package DTMPREPARE

 Program name "I3D", of 11-JUN-1990 15:10
 Program name "ITCHECK", of 19-JUL-1990 16:30

Package DTMPROCESS

 Program name "DTE", of 19-FEB-1987 16:51
 Program name "DTIMERGE", of 11-APR-1986 20:56
 Program name "FLIPPANT", of  9-APR-1986 11:55
 Program name "PANEL", of 12-JAN-1987 12:07
 Program name "PANTILE", of 17-JUL-1987 11:40
 Program name "PANULL", of 14-AUG-1986 13:57
 Program name "TIMPANI", of 27-OCT-1986 10:57

Package FLOWLINE

 Program name "LAMPSCONTROL", of 27-JUN-1990 18:07

Package GSIJAPAN

 Program name "IFROMGSI", of  4-MAY-1988 16:12
 Program name "ITOGSI", of  4-MAY-1988 15:24

Package HIACC

 Program name "CALINC", of 24-FEB-1986 10:59
 Program name "CONTRAVES2ALTEK", of 27-MAY-1987 19:05
 Program name "FERRANTI2ALTEK", of 27-MAY-1987 19:24
 Program name "GRDCAL", of  3-AUG-1987 13:21
 Program name "HRDCAL", of 29-JUL-1987 18:11
 Program name "LPCAL", of  5-AUG-1987 10:43
 Program name "RDCA30", of 16-FEB-1988 15:46
 Program name "RDCALT", of  2-JUL-1987 18:12
 Program name "RDCARI", of  1-JUL-1987 16:48
 Program name "RDCBPD", of  1-JUL-1987 16:50
 Program name "RDCCOM", of  3-JUL-1987 10:14
 Program name "RDCGTC", of  2-JUL-1987 12:49
 Program name "RDCKON", of 25-JAN-1988 12:07
 Program name "RDCSNT", of  1-JUL-1987 16:52
 Program name "RDCSPD", of  1-JUL-1987 16:53

Package HRD

 Program name "ET0", of 20-JUN-1988 18:12
 Program name "ET1", of 19-JUL-1990 18:03
 Program name "ET2", of 19-JUL-1990 18:06
 Program name "ET3", of 19-JUL-1990 18:06
 Program name "ET4", of 19-JUL-1990 18:07
 Program name "ET5", of 19-JUL-1990 18:08
 Program name "ET6", of 19-JUL-1990 18:09
 Program name "FBT", of 14-NOV-1985 19:17
 Program name "LDINOUT", of 24-FEB-1986 11:14
 Program name "LDUP", of 24-FEB-1986 11:16
 Program name "MANFIT", of 24-FEB-1986 11:07
 Program name "POKE", of 19-JUL-1990 17:50
 Program name "POKE", of unknown date     
 Program name "RF1", of 19-JUL-1990 17:17
 Program name "RFC", of 19-JUL-1990 17:21
 Program name "SETH", of 19-JUL-1990 17:29
 Program name "TBERR", of 19-JUL-1990 17:37
 Program name "X", of 19-JUL-1990 17:06
 Program name "XHI", of 19-JUL-1990 17:10

Package HYDRO

 Program name "ASC2ICL", of 27-AUG-1987 09:15
 Program name "DB2IFF", of 27-JUL-1987 14:05
 Program name "FDB", of 22-MAY-1987 10:33
 Program name "HOD2IFF", of 22-MAY-1987 11:00
 Program name "HYDRO_AEGTEXT", of 14-AUG-1987 13:06
 Program name "HYDRO_TEXT", of 14-AUG-1987 13:25
 Program name "IFF2DB", of 27-JUL-1987 14:13
 Program name "PIC2IFF", of  6-OCT-1987 10:39
 Program name "ROUTINES_2_COMPASS", of 11-MAY-1989 15:10

Package IMAGEPROCESS

 Program name "DTIFILTER", of 20-DEC-1990 12:08
 Program name "RCPEDT", of  2-JAN-1991 12:03
 Program name "READCCT", of 20-DEC-1990 17:06
 Program name "SRP2DTI", of 21-DEC-1990 15:09
 Program name "TRANSP", of 20-DEC-1990 15:41

Package IMP

 Program name "ICHECK", of 23-OCT-1990 16:23
 Program name "IDIFFERENCE", of 14-MAY-1990 12:56
 Program name "IFILTER", of 11-APR-1990 12:29
 Program name "IFIXAREA", of  3-NOV-1988 18:17
 Program name "IFROMTEXT", of 11-JAN-1991 12:26
 Program name "IINFO", of 22-JAN-1991 17:29
 Program name "ILAYFC", of 30-NOV-1987 11:26
 Program name "IMEND", of  5-JUL-1988 11:14
 Program name "IMERGE", of 28-FEB-1990 14:01
 Program name "IPATCH", of  2-OCT-1990 10:55
 Program name "IRECODE", of  2-MAR-1988 13:30
 Program name "IRENUMBER", of 15-DEC-1987 11:53
 Program name "IREPORT", of 28-OCT-1988 14:12
 Program name "ISELAC", of 10-APR-1990 13:11
 Program name "ISELECT", of 18-DEC-1987 17:02
 Program name "ISORT", of 15-DEC-1987 12:50
 Program name "ISTART", of  1-NOV-1990 13:45
 Program name "ITOTEXT", of 20-DEC-1990 11:02
 Program name "ITRANS", of 26-OCT-1990 10:20
 Program name "IWINDOW", of 30-OCT-1990 10:04

Package INTERPRET

 Program name "CAL_900", of 24-APR-1986 17:24
 Program name "CLC", of 17-FEB-1986 09:29
 File LSL$PUBLIC_ROOT:[INTERPRET.EXE]CLCVAX.EXE;1 is not standard image

Package ISIS

 Program name "DB_BLOCK", of  4-JUN-1990 12:51
 Program name "ROUTINES_101", of  4-JUN-1990 12:52
 Program name "USER", of 26-FEB-1990 17:37
 Program name "USER", of 15-FEB-1990 16:51
 Program name "USER_RELEVANT", of  6-FEB-1990 17:22

Package LASERAID

 Program name "LAJ", of 25-NOV-1986 16:45
 Program name "LAPATCH", of 18-AUG-1986 10:48

Package LASERPLOT

 Program name "HACLOAD", of 29-JUL-1987 10:45
 Program name "HACPRINT", of 16-AUG-1985 11:53
 Program name "LPBORDER2", of 27-MAY-1986 16:38
 Program name "LPGRID", of 29-JUL-1987 18:28
 Program name "LPPAT", of  4-MAR-1987 10:23

Package LITES1

 File LSL$PUBLIC_ROOT:[LITES1.EXE]CTG.EXE;39 is not standard image
 Program name "LITESD ", of  8-MAY-1985 12:42
 Program name "LITESCD", of  8-MAY-1985 13:02
 Program name "LITESH", of 24-APR-1985 11:35

Package LITES2

 Program name "FORMAT_LCM", of 23-MAR-1989 14:44
 Program name "LITES2DECWD", of  8-JAN-1990 11:42
 Program name "LITES2DSRSHR", of 28-JUN-1990 11:15
 Program name "LITES2GEOGSHR", of 19-DEC-1989 16:15
 Program name "LITES2GWSD", of 29-OCT-1990 11:20
 Program name "LITES2HRDD", of 29-OCT-1990 11:31
 Program name "LITES2KRISSSHR", of 17-JAN-1991 11:46
 Program name "LITES2MOTIFD", of 29-OCT-1990 12:10
 Program name "LITES2ROUTINES", of 22-SEP-1987 14:01
 Program name "LITES2SIG5000D", of 29-OCT-1990 11:43
 Program name "LITES2SIG6000D", of 29-OCT-1990 11:54
 Program name "LITES2SSPISHR", of 18-MAY-1990 09:16
 Program name "LITES2TEK4100D", of 29-OCT-1990 11:09
 Program name "LITES2TEK_ARGSD", of 29-OCT-1990 10:45
 Program name "LITES2UISD", of 29-OCT-1990 10:57
 Program name "LITES2VIEWSHR", of 31-OCT-1990 14:37
 Program name "TEST_SSPI", of 18-MAY-1990 09:16
 Program name "UILGENMOTIF", of 16-OCT-1990 12:45
 Program name "UILMENUSMOTIF", of 30-NOV-1990 15:16
 Program name "UISMENUS", of 11-JUL-1990 16:50

Package LSD

 Program name "I2IPS", of 14-OCT-1988 14:52
 Program name "I2LSD", of 31-OCT-1988 18:15
 Program name "LITES2UISD", of  1-FEB-1989 17:31
 Program name "LSD2I", of 25-NOV-1988 15:24
 Program name "LSDCHAIN", of 15-NOV-1988 20:34
 Program name "LSDCOMPRESS", of 19-OCT-1988 18:06
 Program name "LSDDERIVE", of 21-OCT-1988 13:08
 Program name "LSDFC", of 23-NOV-1988 14:59
 Program name "LSDPRINT", of 19-OCT-1988 17:50
 Program name "LSDTEST", of 19-OCT-1988 17:59
 Program name "MSDS2LSD", of 18-JAN-1989 15:38
 Program name "SDD", of 27-MAR-1989 15:44

Package LSLINFORMAP

 Program name "GPLCGM", of 16-JAN-1990 15:23
 Program name "IMAP2CAD", of 25-JAN-1990 16:53

Package LSLINTERNAL

 File LSL$PUBLIC_ROOT:[LSLINTERNAL.EXE]ACG.EXE;1 is not standard image
 File LSL$PUBLIC_ROOT:[LSLINTERNAL.EXE]BPL.EXE;1 is not standard image
 Program name "CHARGE", of 16-JAN-1991 14:28
 Program name "CONTINUOUIS", of 15-MAR-1988 17:31
 Program name "COST", of unknown date     
 File LSL$PUBLIC_ROOT:[LSLINTERNAL.EXE]CROM.EXE;1 is not standard image
 File LSL$PUBLIC_ROOT:[LSLINTERNAL.EXE]CROM2.EXE;1 is not standard image
 Program name "DEGS", of unknown date     
 Program name "DNST", of unknown date     
 Program name "DTMHRD", of unknown date     
 Program name "DTM", of unknown date     
 Program name "EGS", of 16-NOV-1990 13:20
 File LSL$PUBLIC_ROOT:[LSLINTERNAL.EXE]F77.EXE;3 is not standard image
 Program name "FORUP", of  3-JUN-1985 14:51
 File LSL$PUBLIC_ROOT:[LSLINTERNAL.EXE]FROM.EXE;2 is not standard image
 File LSL$PUBLIC_ROOT:[LSLINTERNAL.EXE]FROM2.EXE;1 is not standard image
 Program name "FURANAL", of 19-OCT-1987 22:27
 Program name "INFO", of 31-OCT-1989 13:14
 Program name "LAN", of 14-NOV-1988 14:56
 Program name "LEG2FRT", of 29-JUL-1986 11:08
 Program name "LSLDAEMON", of 15-JAN-1991 14:06
 Program name "MARUP", of  3-JUN-1985 14:52
 File LSL$PUBLIC_ROOT:[LSLINTERNAL.EXE]MED.EXE;1 is not standard image
 Program name "ML", of unknown date     
 File LSL$PUBLIC_ROOT:[LSLINTERNAL.EXE]MOD.EXE;1 is not standard image
 Program name "MTCOPY", of 14-SEP-1990 18:13
 File LSL$PUBLIC_ROOT:[LSLINTERNAL.EXE]MUTTER.EXE;1 is not standard image
 Program name "NST", of unknown date     
 Program name "PAN", of 22-APR-1988 08:54
 Program name "PASUP", of  5-SEP-1986 16:49
 Program name "PRTINDEX", of unknown date     
 File LSL$PUBLIC_ROOT:[LSLINTERNAL.EXE]PVR.EXE;4 is not standard image
 Program name "RSXID", of unknown date     
 File LSL$PUBLIC_ROOT:[LSLINTERNAL.EXE]TALK.EXE;1 is not standard image

Package LSLMAINT

 Program name "ADC", of 17-AUG-1987 11:07
 Program name "FRL", of 19-NOV-1987 16:30
 Program name "GENVER", of unknown date     
 Program name "IBM", of unknown date     
 File LSL$PUBLIC_ROOT:[LSLMAINT.EXE]LISTEN.EXE;3 is not standard image
 Program name "MAPID", of  5-OCT-1989 16:22
 Program name "NEWMSG", of 20-SEP-1988 11:05
 File LSL$PUBLIC_ROOT:[LSLMAINT.EXE]NUTS.EXE;4 is not standard image
 Program name "PID", of  3-OCT-1989 11:05
 Program name "PMEBUILD", of unknown date     
 Program name "PMEHISTO", of unknown date     
 Program name "PVV", of 20-OCT-1986 12:54
 Program name "SAY", of  8-AUG-1986 12:24
 Program name "SCREEN", of unknown date     
 Program name "TAPECOPY", of unknown date     

Package LSLSYSTEM

 Program name "CALC", of unknown date     
 Program name "CVT", of 15-OCT-1987 16:01
 Program name "FLUSH", of unknown date     
 Program name "LSTVAX", of 17-AUG-1987 11:15
 File LSL$PUBLIC_ROOT:[LSLSYSTEM.EXE]MLO.EXE;6 is not standard image
 Program name "MLOAD", of 20-JAN-1988 11:51
 File LSL$PUBLIC_ROOT:[LSLSYSTEM.EXE]MTD.EXE;16 is not standard image
 Program name "MTDUMP", of 27-MAY-1988 10:38
 Program name "MULVAX", of 17-AUG-1987 16:11
 File LSL$PUBLIC_ROOT:[LSLSYSTEM.EXE]NED.EXE;1 is not standard image
 Program name "QUO", of  2-JAN-1991 16:23
 Program name "SD", of 22-JAN-1988 13:21
 Program name "SDBUREAU", of 22-JAN-1988 13:23
 Program name "SI", of 22-JAN-1988 13:41

Package LSRRASTER

 Program name "CCUBE", of  4-JAN-1991 14:34

Package MAPPING

 Program name "SRINORM", of  3-APR-1990 10:42

Package MATRIX

 Program name "DTI2TEXT", of 19-JUL-1990 13:14
 Program name "DTIBLEND", of  7-MAR-1989 10:05
 Program name "DTICOMBINE", of 13-MAR-1989 12:06
 Program name "DTICONVERT", of  2-NOV-1990 16:34
 Program name "DTIEDIT", of 16-MAR-1989 10:21
 Program name "DTIPATCH", of 20-JAN-1989 10:54
 Program name "DTIROTATE", of 19-JUL-1990 13:55
 Program name "DTITILE", of 19-JUL-1990 13:46
 Program name "DTITRANS", of 10-DEC-1990 09:17
 Program name "DTIVIEWSIG6000", of 19-JUL-1990 12:49
 Program name "DTIVIEWTEK_ARGS", of 18-JUL-1990 16:49
 Program name "DTIVIEWUIS", of 19-JUL-1990 11:04

Package MCE

 Program name "AC2FC", of 29-JUL-1988 10:25
 Program name "BOP", of 26-FEB-1987 11:00
 File LSL$PUBLIC_ROOT:[MCE.EXE]BOPCOMPAT.EXE;2 is not standard image
 Program name "CBA", of  2-JUN-1986 15:31
 File LSL$PUBLIC_ROOT:[MCE.EXE]CON.EXE;2 is not standard image
 Program name "DFAD2I", of unknown date     
 Program name "DFADVAL", of unknown date     
 Program name "DRWCHN", of unknown date     
 Program name "DTEDIFF", of unknown date     
 Program name "DTEDIN", of  6-OCT-1989 09:46
 Program name "DTI2DTED", of  1-FEB-1988 11:52
 Program name "I2BOP", of 25-AUG-1988 13:31
 Program name "I2DFAD", of 27-JAN-1986 11:18
 Program name "I2DLMS", of unknown date     
 Program name "I2DLMST", of 25-OCT-1985 14:55
 Program name "I2M", of unknown date     
 Program name "ICURVE", of 12-JAN-1987 14:58
 Program name "LAA", of unknown date     
 File LSL$PUBLIC_ROOT:[MCE.EXE]M2I.EXE;1 is not standard image
 Program name "MCEHED", of 15-JUL-1985 16:43
 File LSL$PUBLIC_ROOT:[MCE.EXE]MPS.EXE;1 is not standard image
 Program name "MT_READMCE", of  8-MAR-1988 12:40
 Program name "MT_READMDP", of 14-OCT-1988 12:33
 File LSL$PUBLIC_ROOT:[MCE.EXE]OBOP.EXE;1 is not standard image
 Program name "OCHRE", of unknown date     
 Program name "OCR2IMCE", of unknown date     
 Program name "I2M", of unknown date     
 Program name "SELFAD", of unknown date     
 Program name "SPM", of unknown date     

Package MPLOT

 Program name "HPGL_TO_IFF", of  1-AUG-1988 14:18
 Program name "MPLOT_CONV", of 22-FEB-1989 08:58
 Program name "MPLOT_DOWN", of  2-AUG-1988 11:46
 Program name "MPLOT_PARSE", of  2-AUG-1988 11:17

Package MUART

 Program name "PRELOAD", of unknown date     
 Program name "SETHARD", of unknown date     
 Program name "SETIGE", of unknown date     
 Program name "TEKCLR", of unknown date     

Package NOTAM

 Program name "NOTAM", of 13-APR-1989 14:54
 Program name "NOTAMSESSION", of 13-APR-1989 15:36
 Program name "NOTAMTELEX", of 18-JAN-1988 15:14

Package OBSOLETE

 File LSL$PUBLIC_ROOT:[OBSOLETE.EXE]CTG.EXE;1 is not standard image
 Program name "FLIPPANT", of  9-APR-1986 11:55
 Program name "GRID", of unknown date     
 Program name "HACGRD", of unknown date     
 File LSL$PUBLIC_ROOT:[OBSOLETE.EXE]I2K.EXE;1 is not standard image
 Program name "LITESD ", of  8-MAY-1985 12:42
 Program name "OPR", of 19-FEB-1986 15:43
 Program name "PANDEMON", of 27-APR-1987 09:38
 Program name "PANDER", of 26-SEP-1986 14:49
 Program name "PANDORA", of 26-SEP-1986 15:07
 Program name "PANIC", of 28-APR-1987 14:28
 Program name "PANTIES", of  2-APR-1986 12:25
 Program name "PANTILE", of 17-JUL-1987 11:40
 Program name "PANTS", of 18-SEP-1985 17:16
 Program name "PANULL", of 14-AUG-1986 13:57
 Program name "R3D1", of 26-SEP-1986 13:17
 File LSL$PUBLIC_ROOT:[OBSOLETE.EXE]SPM.EXE;1 is not standard image
 Program name "TCHECK", of 15-SEP-1986 16:30
 Program name "TIMPANI", of 27-OCT-1986 10:57

Package OS

 Program name "I2O", of  8-FEB-1988 15:20
 Program name "I2X7", of 17-AUG-1987 18:58
 Program name "I2X9", of 17-AUG-1987 18:52
 Program name "ICL2TXT", of unknown date     
 Program name "MHED", of unknown date     
 Program name "O2I", of  8-FEB-1988 12:28
 Program name "OSCLIP", of  4-FEB-1986 12:26
 Program name "OSIRN", of unknown date     
 Program name "OS_TEXT", of 26-NOV-1990 09:35
 Program name "PIF", of  4-FEB-1986 17:14
 Program name "TIF", of 11-SEP-1986 17:38
 Program name "XPRT", of unknown date     

Package PLOTTING

 Program name "FMPX", of 22-APR-1987 10:46
 Program name "FPPAEG", of 24-JAN-1990 15:57
 Program name "FPPBEN", of 25-NOV-1988 14:34
 Program name "FPPBEN1600", of 27-NOV-1988 17:32
 Program name "FPPBEN3000", of 27-NOV-1988 16:43
 Program name "FPPBENOFF3000", of  3-DEC-1988 14:31
 Program name "FPPCAL5800", of 27-NOV-1988 16:38
 Program name "FPPCAL907", of 27-NOV-1988 17:34
 Program name "FPPCAL925", of 27-NOV-1988 17:35
 Program name "FPPCALAIDU", of 25-NOV-1988 14:49
 Program name "FPPCALGEOG", of 27-NOV-1988 17:35
 Program name "FPPFER", of 25-NOV-1988 15:04
 Program name "FPPGERB", of 27-NOV-1988 16:52
 Program name "FPPGWS", of 27-NOV-1988 16:54
 Program name "FPPHCBS", of 25-NOV-1988 14:46
 Program name "FPPHP", of 25-NOV-1988 14:52
 Program name "FPPHRD", of 18-DEC-1989 10:45
 Program name "FPPKERNGP1", of 27-NOV-1988 17:02
 Program name "FPPKONG", of 27-NOV-1988 17:19
 Program name "FPPLP", of 25-NOV-1988 14:38
 Program name "FPPMOTIF", of  2-AUG-1990 12:43
 Program name "FPPPI448", of  7-JAN-1990 17:18
 Program name "FPPPRIM", of 17-FEB-1990 12:04
 Program name "FPPSHR", of  9-MAR-1990 11:34
 Program name "FPPSIG6000", of 27-NOV-1988 17:09
 Program name "FPPTEK_ARGS", of 25-NOV-1988 15:17
 Program name "FPPUIS", of 27-NOV-1988 17:12
 Program name "FPPVERS", of 27-NOV-1988 17:15
 Program name "FPPVRSC2V1", of 27-NOV-1988 17:24
 Program name "FPPVRSVGS", of  9-DEC-1990 14:43
 Program name "FPPWILD", of 27-NOV-1988 17:27
 Program name "FPPXYNETICS", of 27-NOV-1988 17:29
 Program name "GKSAEGSHR", of 25-JAN-1990 12:20
 Program name "GKSBEN3000SHR", of 30-MAR-1990 11:19
 Program name "GKSBENOFF3000SHR", of 30-AUG-1990 14:19
 Program name "GKSCAL5800SHR", of 10-DEC-1990 23:34
 Program name "GKSFERSHR", of  1-AUG-1989 16:20
 Program name "GKSGERBSHR", of  1-AUG-1989 16:22
 Program name "GKSGWSSHR", of  1-AUG-1989 16:23
 Program name "GKSHCBSSHR", of  1-AUG-1989 14:21
 Program name "GKSHPSHR", of  1-AUG-1989 15:38
 Program name "GKSKERNGP1SHR", of  1-AUG-1989 16:24
 Program name "GKSKONGSHR", of  5-OCT-1990 13:53
 Program name "GKSLPSHR", of  1-AUG-1989 16:25
 Program name "GKSMOTIFSHR", of  3-JAN-1991 13:31
 Program name "GKSPI448SHR", of 15-MAR-1990 15:27
 Program name "GKSPRIMSHR", of 14-NOV-1990 10:02
 Program name "GKSSIG6000SHR", of  1-AUG-1989 16:26
 Program name "GKSTEK_ARGSSHR", of  1-AUG-1989 16:28
 Program name "GKSUISSHR", of 14-NOV-1990 15:28
 Program name "GKSVERSSHR", of  1-AUG-1989 16:29
 Program name "GKSVRSC2V1SHR", of 10-DEC-1990 16:39
 Program name "GKSVRSVGSSHR", of 19-DEC-1990 17:42
 Program name "GKSWILDSHR", of  1-AUG-1989 16:30
 Program name "GKSXYNETICSSHR", of  1-AUG-1989 16:31
 Program name "HCBSBEN", of 18-AUG-1987 14:33
 Program name "HCBSBEN1600", of 22-JUL-1988 11:31
 Program name "HCBSCAL906", of  3-JAN-1991 12:47
 Program name "HCBSCAL907", of  3-JAN-1991 12:45
 Program name "HCBSCAL925", of 27-NOV-1988 17:43
 Program name "HCBSCALAIDU", of  3-JAN-1991 12:45
 Program name "HCBSCALGEOG", of 27-NOV-1988 17:46
 Program name "HCBSQUEST", of 20-MAR-1990 13:18
 Program name "PRIM2RASTER", of 13-DEC-1990 11:53

Package POLYGONS

 Program name "IPOLYGON", of 19-NOV-1990 16:46
 Program name "ISTSEL", of 19-OCT-1989 14:19
 Program name "POLMERGE", of  4-APR-1989 19:55

Package POSTPROCESS

 Program name "IFJ", of 27-JUN-1990 17:46
 Program name "IFNODE", of  1-MAR-1990 15:56
 Program name "JSPLIT", of  8-AUG-1990 11:20
 Program name "LAPROCESS", of  8-AUG-1990 11:33

Package SCANCONVERT

 Program name "CONTROL_LSI", of 23-MAY-1990 17:13
 Program name "DECW_LSI_PARAMETERS", of 11-OCT-1990 08:24
 Program name "DECW_LSI_REPAIR", of 26-JUN-1990 18:21
 Program name "DECW_LSI_RESTORE", of 26-JUN-1990 18:23
 Program name "DECW_LSI_STRUCTURE", of  8-OCT-1990 15:35
 Program name "DISK_TO_IMAGE", of  6-JUN-1990 17:52
 Program name "LSI_PARAMETERS", of 11-OCT-1990 08:29
 Program name "LSI_REPAIR", of 14-FEB-1990 17:34
 Program name "LSI_RESOLUTION", of 14-FEB-1990 17:36
 Program name "LSI_RESTORE", of 14-FEB-1990 17:35
 Program name "LSI_STRUCTURE", of  8-OCT-1990 15:29
 Program name "MT_READANA", of  7-NOV-1989 19:06
 Program name "MT_READKARTO", of  9-MAR-1989 12:23
 Program name "MT_READKBERG", of 10-NOV-1988 11:05
 Program name "MT_READMCE", of 14-OCT-1988 12:31
 Program name "MT_READMDP", of 14-OCT-1988 12:33
 Program name "MT_READSCITEX", of 13-JAN-1989 18:13
 Program name "MT_READVIDAR", of 26-OCT-1988 10:31
 Program name "SCAN2DTI", of  5-SEP-1990 12:25
 Program name "SWAP_ANA", of 10-NOV-1989 16:05

Package STRUCTURE

 Program name "ILINK", of 30-AUG-1990 10:45
 Program name "RELHT", of 12-NOV-1990 11:40

Package TABLE

 Program name "CALCOMP_1", of 17-APR-1989 15:43
 Program name "CALCOMP", of 29-APR-1988 13:05
 Program name "CALCOMP", of 21-APR-1988 13:31
 Program name "COORD", of unknown date     
 Program name "CORNER", of unknown date     
 Program name "DECODE", of 22-JAN-1988 11:56
 Program name "GETFID", of 19-FEB-1986 12:07
 Program name "GTCO_LF", of 24-MAY-1988 10:50
 Program name "KONTRON", of 22-JAN-1988 14:21
 Program name "KONTRON_001", of 19-APR-1988 17:50
 Program name "STARTMON", of  3-SEP-1985 09:47
 Program name "SUMMA", of 11-APR-1986 17:00
 Program name "TABMON", of 16-DEC-1989 13:44

Package TERAS

 Program name "GRID", of 10-OCT-1988 12:50
 Program name "MENUS", of 11-JAN-1989 12:31
 Program name "SECURITY_NOTICE", of 16-FEB-1989 17:29
 Program name "SUNTIME", of 25-NOV-1988 12:26

Package TVES

 Program name "COVERARGS", of 10-AUG-1990 10:30
 Program name "COVERSIG6000", of 10-AUG-1990 10:31
 Program name "COVERUIS", of 10-AUG-1990 10:30
 Program name "DTICHECK", of 15-FEB-1989 15:43
 Program name "DTICONTOUR", of 21-JUL-1989 15:41
%FOR-F-INCRECTYP, inconsistent record type
  unit 1  file LSL$PUBLIC_ROOT:[TVES.EXE]DTIVIEWEXTRA.EXE;1
  user PC 00000A78
%TRACE-F-TRACEBACK, symbolic stack dump follows
module name     routine name                     line       rel PC    abs PC

                                                           00020F9E  00020F9E
                                                           00020EAB  00020EAB
                                                           0001BC38  0001BC38
                                                           0001A69A  0001A69A
IMGHDR_READ     IMGHDR_READ                        33      00000078  00000A78
 Program name "I2GRID", of 18-JUL-1989 15:57
 Program name "PROFILE", of 17-FEB-1989 16:54
 Program name "ROVERARGS", of 19-JUL-1990 12:50
 Program name "ROVERBEN3000", of 19-JUL-1990 13:03
 Program name "ROVERCAL5800", of 19-JUL-1990 13:01
 Program name "ROVERPI448", of 19-JUL-1990 13:08
 Program name "ROVERSIG6000", of 19-JUL-1990 12:58
 Program name "ROVERUIS", of 19-JUL-1990 12:53
 Program name "ROVERVRSC2V1", of 19-JUL-1990 13:06
 Program name "SLOPESARGS", of 12-APR-1989 10:09
 Program name "SLOPESSIG6000", of 12-APR-1989 10:12
 Program name "SLOPESUIS", of 12-APR-1989 10:11
 Program name "VECTORISE", of 11-APR-1990 12:58

Package USBUR

 Program name "CALSEP", of  7-MAR-1986 15:37
 Program name "DLGCODCHK", of 28-APR-1986 17:19
 Program name "DMASPOT", of 17-JAN-1986 15:39
 Program name "DTI2DEM", of 27-JAN-1986 17:23
 Program name "I2USGSPOL", of 21-MAY-1987 16:51

Package USGS

 Program name "DLG32I", of 15-JAN-1988 12:06
 Program name "ENDFIL", of unknown date     
 Program name "FC2AC", of 18-AUG-1986 10:56
 Program name "I2ALTEK", of 22-JUL-1988 19:08
 Program name "I2NMD", of 21-JAN-1986 11:00
 Program name "ICHOP", of  8-SEP-1986 14:15
 Program name "ISNIP", of  8-SEP-1986 14:46
 Program name "MEASURE", of 11-JUN-1985 17:09
 Program name "NODTDY", of 14-MAY-1985 15:33
 Program name "RAS2I", of unknown date     
 Program name "VCTPLT", of unknown date     
 Program name "WRTVCT", of unknown date     

Package VTRAK

 Program name "BUTTON_TEST", of 26-JAN-1989 18:29
 Program name "CDL_TEST", of 12-DEC-1988 11:52
 Program name "CONTROL_VTRAK", of 15-FEB-1990 15:11
 Program name "DECW_ANNOUNCE", of  6-APR-1990 17:41
 Program name "CONTROL_VTRAK", of 25-SEP-1990 08:36
 Program name "DECW_VTRAK", of 28-JUN-1990 18:24
 Program name "DECW_ZONES", of 28-JUN-1990 18:28
 Program name "DELETE_REMOTE", of 15-FEB-1990 15:14
 Program name "GENDAT", of 26-JAN-1988 16:23
 Program name "SENTINEL", of 15-FEB-1990 15:16
 Program name "SUB_PROCESS", of 15-FEB-1990 15:24
 Program name "TELL_CONTROL", of 15-FEB-1990 15:19
 Program name "VTRAK", of 16-JUL-1990 11:20
 Program name "ZONES", of 15-FEB-1990 15:38

Package XGIS

 Program name "USER", of  6-SEP-1990 09:09
 Program name "PROFILE_AREAS", of 25-MAY-1990 11:25
 Program name "XGIS_INGRES_BLOCK", of 10-JAN-1991 12:12
 Program name "XGIS_INGRES_INTERFACE", of 10-JAN-1991 12:13
 Program name "XGIS_INGRES_RELEVANT", of 10-JAN-1991 12:12
 Program name "XGIS_ORACLE_BLOCK", of 10-DEC-1990 13:35
 Program name "XGIS_ORACLE_INTERFACE", of 10-DEC-1990 13:37
 Program name "XGIS_ORACLE_RELEVANT", of 10-DEC-1990 13:35
 Program name "XGIS_RANGE", of 20-NOV-1990 15:30
 Program name "XGIS_RDB_BLOCK", of 10-DEC-1990 13:33
 Program name "XGIS_RDB_INTERFACE", of 10-DEC-1990 13:35
 Program name "XGIS_RDB_RELEVANT", of 10-DEC-1990 13:33
 Program name "XGIS_START", of 10-DEC-1990 11:18
