
Analyze Image                                15-OCT-2002 11:15:17.71   Page 1
LSL$LITES2_ROOT:[EXE]LITES2MOTIF.EXE;3
ANALYZ V07-04

This is an OpenVMS VAX image file

IMAGE HEADER

	Fixed Header Information

		image format major id: 02, minor id: 05
		header block count: 4
		image type: executable (IHD$K_EXE)
		I/O channel count: default
		I/O page count: default
		linker flags:
			(0)  IHD$V_LNKDEBUG   0
			(1)  IHD$V_LNKNOTFR   0
			(2)  IHD$V_NOP0BUFS   0
			(3)  IHD$V_PICIMG     1
			(4)  IHD$V_P0IMAGE    0
			(5)  IHD$V_DBGDMT     1
			(6)  IHD$V_INISHR     0
			(7)  IHD$V_IHSLONG    1
			(8)  IHD$V_UPCALLS    0

	Image Activation Information

		first transfer address:  %X'7FFEDF68'
		second transfer address: %X'00182C34'
		third transfer address:  %X'0010E8F0'

	Global Symbol Table & Debug Symbol Table Information

		debug symbol table VBN:  2321, block count: 331
		global symbol table VBN: 0, record count: 0
		debug module/psect table VBN: 0, byte count: 0

	Image Identification Information

		image name: "LITES2MOTIF"
		image file identification: "17OC01"
		link date/time: 24-DEC-2001 10:49:22.00
		linker identification: "05-13"

	Patch Information

		There are no patches at this time.

	Image Section Descriptors (ISD)

		1)  image section descriptor (16 bytes)
			page count: 113
			base virtual address: %X'00000200' (P0 space)
			page fault cluster size: 1
			ISD flags:
				(0)  ISD$V_GBL        0
				(1)  ISD$V_CRF        0
				(2)  ISD$V_DZRO       0

Analyze Image                                15-OCT-2002 11:15:17.87   Page 2
LSL$LITES2_ROOT:[EXE]LITES2MOTIF.EXE;3
ANALYZ V07-04

				(3)  ISD$V_WRT        0
				(7)  ISD$V_LASTCLU    0
				(8)  ISD$V_INITALCODE 0
				(9)  ISD$V_BASED      0
				(10) ISD$V_FIXUPVEC   0
				(11) ISD$V_RESIDENT   0
				(17) ISD$V_VECTOR     0
				(18) ISD$V_PROTECT    0
			section type: ISD$K_NORMAL
			base VBN: 5

		2)  image section descriptor (12 bytes)
			page count: 39
			base virtual address: %X'0000E400' (P0 space)
			page fault cluster size: default
			ISD flags:
				(0)  ISD$V_GBL        0
				(1)  ISD$V_CRF        0
				(2)  ISD$V_DZRO       1
				(3)  ISD$V_WRT        1
				(7)  ISD$V_LASTCLU    0
				(8)  ISD$V_INITALCODE 0
				(9)  ISD$V_BASED      0
				(10) ISD$V_FIXUPVEC   0
				(11) ISD$V_RESIDENT   0
				(17) ISD$V_VECTOR     0
				(18) ISD$V_PROTECT    0
			section type: ISD$K_NORMAL

		3)  image section descriptor (16 bytes)
			page count: 25
			base virtual address: %X'00013200' (P0 space)
			page fault cluster size: default
			ISD flags:
				(0)  ISD$V_GBL        0
				(1)  ISD$V_CRF        1
				(2)  ISD$V_DZRO       0
				(3)  ISD$V_WRT        1
				(7)  ISD$V_LASTCLU    0
				(8)  ISD$V_INITALCODE 0
				(9)  ISD$V_BASED      0
				(10) ISD$V_FIXUPVEC   0
				(11) ISD$V_RESIDENT   0
				(17) ISD$V_VECTOR     0
				(18) ISD$V_PROTECT    0
			section type: ISD$K_NORMAL
			base VBN: 118

		4)  image section descriptor (12 bytes)
			page count: 79
			base virtual address: %X'00016400' (P0 space)
			page fault cluster size: default
			ISD flags:
				(0)  ISD$V_GBL        0
				(1)  ISD$V_CRF        0

Analyze Image                                15-OCT-2002 11:15:17.88   Page 3
LSL$LITES2_ROOT:[EXE]LITES2MOTIF.EXE;3
ANALYZ V07-04

				(2)  ISD$V_DZRO       1
				(3)  ISD$V_WRT        1
				(7)  ISD$V_LASTCLU    0
				(8)  ISD$V_INITALCODE 0
				(9)  ISD$V_BASED      0
				(10) ISD$V_FIXUPVEC   0
				(11) ISD$V_RESIDENT   0
				(17) ISD$V_VECTOR     0
				(18) ISD$V_PROTECT    0
			section type: ISD$K_NORMAL

		5)  image section descriptor (16 bytes)
			page count: 9
			base virtual address: %X'00020200' (P0 space)
			page fault cluster size: default
			ISD flags:
				(0)  ISD$V_GBL        0
				(1)  ISD$V_CRF        1
				(2)  ISD$V_DZRO       0
				(3)  ISD$V_WRT        1
				(7)  ISD$V_LASTCLU    0
				(8)  ISD$V_INITALCODE 0
				(9)  ISD$V_BASED      0
				(10) ISD$V_FIXUPVEC   0
				(11) ISD$V_RESIDENT   0
				(17) ISD$V_VECTOR     0
				(18) ISD$V_PROTECT    0
			section type: ISD$K_NORMAL
			base VBN: 143

		6)  image section descriptor (12 bytes)
			page count: 125
			base virtual address: %X'00021400' (P0 space)
			page fault cluster size: default
			ISD flags:
				(0)  ISD$V_GBL        0
				(1)  ISD$V_CRF        0
				(2)  ISD$V_DZRO       1
				(3)  ISD$V_WRT        1
				(7)  ISD$V_LASTCLU    0
				(8)  ISD$V_INITALCODE 0
				(9)  ISD$V_BASED      0
				(10) ISD$V_FIXUPVEC   0
				(11) ISD$V_RESIDENT   0
				(17) ISD$V_VECTOR     0
				(18) ISD$V_PROTECT    0
			section type: ISD$K_NORMAL

		7)  image section descriptor (16 bytes)
			page count: 3
			base virtual address: %X'00030E00' (P0 space)
			page fault cluster size: default
			ISD flags:
				(0)  ISD$V_GBL        0
				(1)  ISD$V_CRF        0

Analyze Image                                15-OCT-2002 11:15:17.90   Page 4
LSL$LITES2_ROOT:[EXE]LITES2MOTIF.EXE;3
ANALYZ V07-04

				(2)  ISD$V_DZRO       0
				(3)  ISD$V_WRT        0
				(7)  ISD$V_LASTCLU    0
				(8)  ISD$V_INITALCODE 0
				(9)  ISD$V_BASED      0
				(10) ISD$V_FIXUPVEC   0
				(11) ISD$V_RESIDENT   0
				(17) ISD$V_VECTOR     0
				(18) ISD$V_PROTECT    0
			section type: ISD$K_NORMAL
			base VBN: 152

		8)  image section descriptor (16 bytes)
			page count: 44
			base virtual address: %X'00031400' (P0 space)
			page fault cluster size: default
			ISD flags:
				(0)  ISD$V_GBL        0
				(1)  ISD$V_CRF        1
				(2)  ISD$V_DZRO       0
				(3)  ISD$V_WRT        1
				(7)  ISD$V_LASTCLU    0
				(8)  ISD$V_INITALCODE 0
				(9)  ISD$V_BASED      0
				(10) ISD$V_FIXUPVEC   0
				(11) ISD$V_RESIDENT   0
				(17) ISD$V_VECTOR     0
				(18) ISD$V_PROTECT    0
			section type: ISD$K_NORMAL
			base VBN: 155

		9)  image section descriptor (16 bytes)
			page count: 56
			base virtual address: %X'00036C00' (P0 space)
			page fault cluster size: default
			ISD flags:
				(0)  ISD$V_GBL        0
				(1)  ISD$V_CRF        0
				(2)  ISD$V_DZRO       0
				(3)  ISD$V_WRT        0
				(7)  ISD$V_LASTCLU    0
				(8)  ISD$V_INITALCODE 0
				(9)  ISD$V_BASED      0
				(10) ISD$V_FIXUPVEC   0
				(11) ISD$V_RESIDENT   0
				(17) ISD$V_VECTOR     0
				(18) ISD$V_PROTECT    0
			section type: ISD$K_NORMAL
			base VBN: 199

		10)  image section descriptor (16 bytes)
			page count: 20
			base virtual address: %X'0003DC00' (P0 space)
			page fault cluster size: default

Analyze Image                                15-OCT-2002 11:15:17.91   Page 5
LSL$LITES2_ROOT:[EXE]LITES2MOTIF.EXE;3
ANALYZ V07-04

			ISD flags:
				(0)  ISD$V_GBL        0
				(1)  ISD$V_CRF        1
				(2)  ISD$V_DZRO       0
				(3)  ISD$V_WRT        1
				(7)  ISD$V_LASTCLU    0
				(8)  ISD$V_INITALCODE 0
				(9)  ISD$V_BASED      0
				(10) ISD$V_FIXUPVEC   0
				(11) ISD$V_RESIDENT   0
				(17) ISD$V_VECTOR     0
				(18) ISD$V_PROTECT    0
			section type: ISD$K_NORMAL
			base VBN: 255

		11)  image section descriptor (16 bytes)
			page count: 8
			base virtual address: %X'00040400' (P0 space)
			page fault cluster size: default
			ISD flags:
				(0)  ISD$V_GBL        0
				(1)  ISD$V_CRF        0
				(2)  ISD$V_DZRO       0
				(3)  ISD$V_WRT        0
				(7)  ISD$V_LASTCLU    0
				(8)  ISD$V_INITALCODE 0
				(9)  ISD$V_BASED      0
				(10) ISD$V_FIXUPVEC   0
				(11) ISD$V_RESIDENT   0
				(17) ISD$V_VECTOR     0
				(18) ISD$V_PROTECT    0
			section type: ISD$K_NORMAL
			base VBN: 275

		12)  image section descriptor (16 bytes)
			page count: 108
			base virtual address: %X'00041400' (P0 space)
			page fault cluster size: default
			ISD flags:
				(0)  ISD$V_GBL        0
				(1)  ISD$V_CRF        1
				(2)  ISD$V_DZRO       0
				(3)  ISD$V_WRT        1
				(7)  ISD$V_LASTCLU    0
				(8)  ISD$V_INITALCODE 0
				(9)  ISD$V_BASED      0
				(10) ISD$V_FIXUPVEC   0
				(11) ISD$V_RESIDENT   0
				(17) ISD$V_VECTOR     0
				(18) ISD$V_PROTECT    0
			section type: ISD$K_NORMAL
			base VBN: 283


Analyze Image                                15-OCT-2002 11:15:18.00   Page 6
LSL$LITES2_ROOT:[EXE]LITES2MOTIF.EXE;3
ANALYZ V07-04

		13)  image section descriptor (12 bytes)
			page count: 31
			base virtual address: %X'0004EC00' (P0 space)
			page fault cluster size: default
			ISD flags:
				(0)  ISD$V_GBL        0
				(1)  ISD$V_CRF        0
				(2)  ISD$V_DZRO       1
				(3)  ISD$V_WRT        1
				(7)  ISD$V_LASTCLU    0
				(8)  ISD$V_INITALCODE 0
				(9)  ISD$V_BASED      0
				(10) ISD$V_FIXUPVEC   0
				(11) ISD$V_RESIDENT   0
				(17) ISD$V_VECTOR     0
				(18) ISD$V_PROTECT    0
			section type: ISD$K_NORMAL

		14)  image section descriptor (16 bytes)
			page count: 1
			base virtual address: %X'00052A00' (P0 space)
			page fault cluster size: default
			ISD flags:
				(0)  ISD$V_GBL        0
				(1)  ISD$V_CRF        1
				(2)  ISD$V_DZRO       0
				(3)  ISD$V_WRT        1
				(7)  ISD$V_LASTCLU    0
				(8)  ISD$V_INITALCODE 0
				(9)  ISD$V_BASED      0
				(10) ISD$V_FIXUPVEC   0
				(11) ISD$V_RESIDENT   0
				(17) ISD$V_VECTOR     0
				(18) ISD$V_PROTECT    0
			section type: ISD$K_NORMAL
			base VBN: 391

		15)  image section descriptor (12 bytes)
			page count: 32
			base virtual address: %X'00052C00' (P0 space)
			page fault cluster size: default
			ISD flags:
				(0)  ISD$V_GBL        0
				(1)  ISD$V_CRF        0
				(2)  ISD$V_DZRO       1
				(3)  ISD$V_WRT        1
				(7)  ISD$V_LASTCLU    0
				(8)  ISD$V_INITALCODE 0
				(9)  ISD$V_BASED      0
				(10) ISD$V_FIXUPVEC   0
				(11) ISD$V_RESIDENT   0
				(17) ISD$V_VECTOR     0
				(18) ISD$V_PROTECT    0
			section type: ISD$K_NORMAL


Analyze Image                                15-OCT-2002 11:15:18.01   Page 7
LSL$LITES2_ROOT:[EXE]LITES2MOTIF.EXE;3
ANALYZ V07-04

		16)  image section descriptor (16 bytes)
			page count: 3
			base virtual address: %X'00056C00' (P0 space)
			page fault cluster size: default
			ISD flags:
				(0)  ISD$V_GBL        0
				(1)  ISD$V_CRF        1
				(2)  ISD$V_DZRO       0
				(3)  ISD$V_WRT        1
				(7)  ISD$V_LASTCLU    0
				(8)  ISD$V_INITALCODE 0
				(9)  ISD$V_BASED      0
				(10) ISD$V_FIXUPVEC   0
				(11) ISD$V_RESIDENT   0
				(17) ISD$V_VECTOR     0
				(18) ISD$V_PROTECT    0
			section type: ISD$K_NORMAL
			base VBN: 392

		17)  image section descriptor (12 bytes)
			page count: 32
			base virtual address: %X'00057200' (P0 space)
			page fault cluster size: default
			ISD flags:
				(0)  ISD$V_GBL        0
				(1)  ISD$V_CRF        0
				(2)  ISD$V_DZRO       1
				(3)  ISD$V_WRT        1
				(7)  ISD$V_LASTCLU    0
				(8)  ISD$V_INITALCODE 0
				(9)  ISD$V_BASED      0
				(10) ISD$V_FIXUPVEC   0
				(11) ISD$V_RESIDENT   0
				(17) ISD$V_VECTOR     0
				(18) ISD$V_PROTECT    0
			section type: ISD$K_NORMAL

		18)  image section descriptor (16 bytes)
			page count: 6
			base virtual address: %X'0005B200' (P0 space)
			page fault cluster size: default
			ISD flags:
				(0)  ISD$V_GBL        0
				(1)  ISD$V_CRF        1
				(2)  ISD$V_DZRO       0
				(3)  ISD$V_WRT        1
				(7)  ISD$V_LASTCLU    0
				(8)  ISD$V_INITALCODE 0
				(9)  ISD$V_BASED      0
				(10) ISD$V_FIXUPVEC   0
				(11) ISD$V_RESIDENT   0
				(17) ISD$V_VECTOR     0
				(18) ISD$V_PROTECT    0
			section type: ISD$K_NORMAL
			base VBN: 395


Analyze Image                                15-OCT-2002 11:15:18.03   Page 8
LSL$LITES2_ROOT:[EXE]LITES2MOTIF.EXE;3
ANALYZ V07-04

		19)  image section descriptor (12 bytes)
			page count: 16
			base virtual address: %X'0005BE00' (P0 space)
			page fault cluster size: default
			ISD flags:
				(0)  ISD$V_GBL        0
				(1)  ISD$V_CRF        0
				(2)  ISD$V_DZRO       1
				(3)  ISD$V_WRT        1
				(7)  ISD$V_LASTCLU    0
				(8)  ISD$V_INITALCODE 0
				(9)  ISD$V_BASED      0
				(10) ISD$V_FIXUPVEC   0
				(11) ISD$V_RESIDENT   0
				(17) ISD$V_VECTOR     0
				(18) ISD$V_PROTECT    0
			section type: ISD$K_NORMAL

		20)  image section descriptor (16 bytes)
			page count: 4
			base virtual address: %X'0005DE00' (P0 space)
			page fault cluster size: default
			ISD flags:
				(0)  ISD$V_GBL        0
				(1)  ISD$V_CRF        1
				(2)  ISD$V_DZRO       0
				(3)  ISD$V_WRT        1
				(7)  ISD$V_LASTCLU    0
				(8)  ISD$V_INITALCODE 0
				(9)  ISD$V_BASED      0
				(10) ISD$V_FIXUPVEC   0
				(11) ISD$V_RESIDENT   0
				(17) ISD$V_VECTOR     0
				(18) ISD$V_PROTECT    0
			section type: ISD$K_NORMAL
			base VBN: 401

		21)  image section descriptor (12 bytes)
			page count: 43
			base virtual address: %X'0005E600' (P0 space)
			page fault cluster size: default
			ISD flags:
				(0)  ISD$V_GBL        0
				(1)  ISD$V_CRF        0
				(2)  ISD$V_DZRO       1
				(3)  ISD$V_WRT        1
				(7)  ISD$V_LASTCLU    0
				(8)  ISD$V_INITALCODE 0
				(9)  ISD$V_BASED      0
				(10) ISD$V_FIXUPVEC   0
				(11) ISD$V_RESIDENT   0
				(17) ISD$V_VECTOR     0
				(18) ISD$V_PROTECT    0
			section type: ISD$K_NORMAL


Analyze Image                                15-OCT-2002 11:15:18.05   Page 9
LSL$LITES2_ROOT:[EXE]LITES2MOTIF.EXE;3
ANALYZ V07-04

		22)  image section descriptor (16 bytes)
			page count: 42
			base virtual address: %X'00063C00' (P0 space)
			page fault cluster size: default
			ISD flags:
				(0)  ISD$V_GBL        0
				(1)  ISD$V_CRF        1
				(2)  ISD$V_DZRO       0
				(3)  ISD$V_WRT        1
				(7)  ISD$V_LASTCLU    0
				(8)  ISD$V_INITALCODE 0
				(9)  ISD$V_BASED      0
				(10) ISD$V_FIXUPVEC   0
				(11) ISD$V_RESIDENT   0
				(17) ISD$V_VECTOR     0
				(18) ISD$V_PROTECT    0
			section type: ISD$K_NORMAL
			base VBN: 405

		23)  image section descriptor (12 bytes)
			page count: 43
			base virtual address: %X'00069000' (P0 space)
			page fault cluster size: default
			ISD flags:
				(0)  ISD$V_GBL        0
				(1)  ISD$V_CRF        0
				(2)  ISD$V_DZRO       1
				(3)  ISD$V_WRT        1
				(7)  ISD$V_LASTCLU    0
				(8)  ISD$V_INITALCODE 0
				(9)  ISD$V_BASED      0
				(10) ISD$V_FIXUPVEC   0
				(11) ISD$V_RESIDENT   0
				(17) ISD$V_VECTOR     0
				(18) ISD$V_PROTECT    0
			section type: ISD$K_NORMAL

		24)  image section descriptor (16 bytes)
			page count: 36
			base virtual address: %X'0006E600' (P0 space)
			page fault cluster size: default
			ISD flags:
				(0)  ISD$V_GBL        0
				(1)  ISD$V_CRF        1
				(2)  ISD$V_DZRO       0
				(3)  ISD$V_WRT        1
				(7)  ISD$V_LASTCLU    0
				(8)  ISD$V_INITALCODE 0
				(9)  ISD$V_BASED      0
				(10) ISD$V_FIXUPVEC   0
				(11) ISD$V_RESIDENT   0
				(17) ISD$V_VECTOR     0
				(18) ISD$V_PROTECT    0
			section type: ISD$K_NORMAL
			base VBN: 447


Analyze Image                                15-OCT-2002 11:15:18.07   Page 10
LSL$LITES2_ROOT:[EXE]LITES2MOTIF.EXE;3
ANALYZ V07-04

		25)  image section descriptor (12 bytes)
			page count: 36
			base virtual address: %X'00072E00' (P0 space)
			page fault cluster size: default
			ISD flags:
				(0)  ISD$V_GBL        0
				(1)  ISD$V_CRF        0
				(2)  ISD$V_DZRO       1
				(3)  ISD$V_WRT        1
				(7)  ISD$V_LASTCLU    0
				(8)  ISD$V_INITALCODE 0
				(9)  ISD$V_BASED      0
				(10) ISD$V_FIXUPVEC   0
				(11) ISD$V_RESIDENT   0
				(17) ISD$V_VECTOR     0
				(18) ISD$V_PROTECT    0
			section type: ISD$K_NORMAL

		26)  image section descriptor (16 bytes)
			page count: 20
			base virtual address: %X'00077600' (P0 space)
			page fault cluster size: default
			ISD flags:
				(0)  ISD$V_GBL        0
				(1)  ISD$V_CRF        1
				(2)  ISD$V_DZRO       0
				(3)  ISD$V_WRT        1
				(7)  ISD$V_LASTCLU    0
				(8)  ISD$V_INITALCODE 0
				(9)  ISD$V_BASED      0
				(10) ISD$V_FIXUPVEC   0
				(11) ISD$V_RESIDENT   0
				(17) ISD$V_VECTOR     0
				(18) ISD$V_PROTECT    0
			section type: ISD$K_NORMAL
			base VBN: 483

		27)  image section descriptor (12 bytes)
			page count: 223
			base virtual address: %X'00079E00' (P0 space)
			page fault cluster size: default
			ISD flags:
				(0)  ISD$V_GBL        0
				(1)  ISD$V_CRF        0
				(2)  ISD$V_DZRO       1
				(3)  ISD$V_WRT        1
				(7)  ISD$V_LASTCLU    0
				(8)  ISD$V_INITALCODE 0
				(9)  ISD$V_BASED      0
				(10) ISD$V_FIXUPVEC   0
				(11) ISD$V_RESIDENT   0
				(17) ISD$V_VECTOR     0
				(18) ISD$V_PROTECT    0
			section type: ISD$K_NORMAL


Analyze Image                                15-OCT-2002 11:15:18.18   Page 11
LSL$LITES2_ROOT:[EXE]LITES2MOTIF.EXE;3
ANALYZ V07-04

		28)  image section descriptor (16 bytes)
			page count: 14
			base virtual address: %X'00095C00' (P0 space)
			page fault cluster size: default
			ISD flags:
				(0)  ISD$V_GBL        0
				(1)  ISD$V_CRF        1
				(2)  ISD$V_DZRO       0
				(3)  ISD$V_WRT        1
				(7)  ISD$V_LASTCLU    0
				(8)  ISD$V_INITALCODE 0
				(9)  ISD$V_BASED      0
				(10) ISD$V_FIXUPVEC   0
				(11) ISD$V_RESIDENT   0
				(17) ISD$V_VECTOR     0
				(18) ISD$V_PROTECT    0
			section type: ISD$K_NORMAL
			base VBN: 503

		29)  image section descriptor (12 bytes)
			page count: 16
			base virtual address: %X'00097800' (P0 space)
			page fault cluster size: default
			ISD flags:
				(0)  ISD$V_GBL        0
				(1)  ISD$V_CRF        0
				(2)  ISD$V_DZRO       1
				(3)  ISD$V_WRT        1
				(7)  ISD$V_LASTCLU    0
				(8)  ISD$V_INITALCODE 0
				(9)  ISD$V_BASED      0
				(10) ISD$V_FIXUPVEC   0
				(11) ISD$V_RESIDENT   0
				(17) ISD$V_VECTOR     0
				(18) ISD$V_PROTECT    0
			section type: ISD$K_NORMAL

		30)  image section descriptor (16 bytes)
			page count: 291
			base virtual address: %X'00099800' (P0 space)
			page fault cluster size: default
			ISD flags:
				(0)  ISD$V_GBL        0
				(1)  ISD$V_CRF        0
				(2)  ISD$V_DZRO       0
				(3)  ISD$V_WRT        0
				(7)  ISD$V_LASTCLU    0
				(8)  ISD$V_INITALCODE 0
				(9)  ISD$V_BASED      0
				(10) ISD$V_FIXUPVEC   0
				(11) ISD$V_RESIDENT   0
				(17) ISD$V_VECTOR     0
				(18) ISD$V_PROTECT    0
			section type: ISD$K_NORMAL
			base VBN: 517


Analyze Image                                15-OCT-2002 11:15:18.19   Page 12
LSL$LITES2_ROOT:[EXE]LITES2MOTIF.EXE;3
ANALYZ V07-04

		31)  image section descriptor (16 bytes)
			page count: 1
			base virtual address: %X'000BDE00' (P0 space)
			page fault cluster size: default
			ISD flags:
				(0)  ISD$V_GBL        0
				(1)  ISD$V_CRF        1
				(2)  ISD$V_DZRO       0
				(3)  ISD$V_WRT        1
				(7)  ISD$V_LASTCLU    0
				(8)  ISD$V_INITALCODE 0
				(9)  ISD$V_BASED      0
				(10) ISD$V_FIXUPVEC   0
				(11) ISD$V_RESIDENT   0
				(17) ISD$V_VECTOR     0
				(18) ISD$V_PROTECT    0
			section type: ISD$K_NORMAL
			base VBN: 808

		32)  image section descriptor (16 bytes)
			page count: 80
			base virtual address: %X'000BE000' (P0 space)
			page fault cluster size: default
			ISD flags:
				(0)  ISD$V_GBL        0
				(1)  ISD$V_CRF        0
				(2)  ISD$V_DZRO       0
				(3)  ISD$V_WRT        0
				(7)  ISD$V_LASTCLU    0
				(8)  ISD$V_INITALCODE 0
				(9)  ISD$V_BASED      0
				(10) ISD$V_FIXUPVEC   0
				(11) ISD$V_RESIDENT   0
				(17) ISD$V_VECTOR     0
				(18) ISD$V_PROTECT    0
			section type: ISD$K_NORMAL
			base VBN: 809

		33)  image section descriptor (16 bytes)
			page count: 235
			base virtual address: %X'000C8000' (P0 space)
			page fault cluster size: default
			ISD flags:
				(0)  ISD$V_GBL        0
				(1)  ISD$V_CRF        1
				(2)  ISD$V_DZRO       0
				(3)  ISD$V_WRT        1
				(7)  ISD$V_LASTCLU    0
				(8)  ISD$V_INITALCODE 0
				(9)  ISD$V_BASED      0
				(10) ISD$V_FIXUPVEC   0
				(11) ISD$V_RESIDENT   0
				(17) ISD$V_VECTOR     0
				(18) ISD$V_PROTECT    0
			section type: ISD$K_NORMAL

Analyze Image                                15-OCT-2002 11:15:18.21   Page 13
LSL$LITES2_ROOT:[EXE]LITES2MOTIF.EXE;3
ANALYZ V07-04

			base VBN: 889

		34)  image section descriptor (12 bytes)
			page count: 36
			base virtual address: %X'000E5600' (P0 space)
			page fault cluster size: default
			ISD flags:
				(0)  ISD$V_GBL        0
				(1)  ISD$V_CRF        0
				(2)  ISD$V_DZRO       1
				(3)  ISD$V_WRT        1
				(7)  ISD$V_LASTCLU    0
				(8)  ISD$V_INITALCODE 0
				(9)  ISD$V_BASED      0
				(10) ISD$V_FIXUPVEC   0
				(11) ISD$V_RESIDENT   0
				(17) ISD$V_VECTOR     0
				(18) ISD$V_PROTECT    0
			section type: ISD$K_NORMAL

		35)  image section descriptor (16 bytes)
			page count: 196
			base virtual address: %X'000E9E00' (P0 space)
			page fault cluster size: default
			ISD flags:
				(0)  ISD$V_GBL        0
				(1)  ISD$V_CRF        1
				(2)  ISD$V_DZRO       0
				(3)  ISD$V_WRT        1
				(7)  ISD$V_LASTCLU    0
				(8)  ISD$V_INITALCODE 0
				(9)  ISD$V_BASED      0
				(10) ISD$V_FIXUPVEC   0
				(11) ISD$V_RESIDENT   0
				(17) ISD$V_VECTOR     0
				(18) ISD$V_PROTECT    0
			section type: ISD$K_NORMAL
			base VBN: 1124

		36)  image section descriptor (12 bytes)
			page count: 20
			base virtual address: %X'00102600' (P0 space)
			page fault cluster size: default
			ISD flags:
				(0)  ISD$V_GBL        0
				(1)  ISD$V_CRF        0
				(2)  ISD$V_DZRO       1
				(3)  ISD$V_WRT        1
				(7)  ISD$V_LASTCLU    0
				(8)  ISD$V_INITALCODE 0
				(9)  ISD$V_BASED      0
				(10) ISD$V_FIXUPVEC   0
				(11) ISD$V_RESIDENT   0
				(17) ISD$V_VECTOR     0
				(18) ISD$V_PROTECT    0

Analyze Image                                15-OCT-2002 11:15:18.22   Page 14
LSL$LITES2_ROOT:[EXE]LITES2MOTIF.EXE;3
ANALYZ V07-04

			section type: ISD$K_NORMAL

		37)  image section descriptor (16 bytes)
			page count: 26
			base virtual address: %X'00104E00' (P0 space)
			page fault cluster size: default
			ISD flags:
				(0)  ISD$V_GBL        0
				(1)  ISD$V_CRF        1
				(2)  ISD$V_DZRO       0
				(3)  ISD$V_WRT        1
				(7)  ISD$V_LASTCLU    0
				(8)  ISD$V_INITALCODE 0
				(9)  ISD$V_BASED      0
				(10) ISD$V_FIXUPVEC   0
				(11) ISD$V_RESIDENT   0
				(17) ISD$V_VECTOR     0
				(18) ISD$V_PROTECT    0
			section type: ISD$K_NORMAL
			base VBN: 1320

		38)  image section descriptor (12 bytes)
			page count: 22
			base virtual address: %X'00108200' (P0 space)
			page fault cluster size: default
			ISD flags:
				(0)  ISD$V_GBL        0
				(1)  ISD$V_CRF        0
				(2)  ISD$V_DZRO       1
				(3)  ISD$V_WRT        1
				(7)  ISD$V_LASTCLU    0
				(8)  ISD$V_INITALCODE 0
				(9)  ISD$V_BASED      0
				(10) ISD$V_FIXUPVEC   0
				(11) ISD$V_RESIDENT   0
				(17) ISD$V_VECTOR     0
				(18) ISD$V_PROTECT    0
			section type: ISD$K_NORMAL

		39)  image section descriptor (16 bytes)
			page count: 21
			base virtual address: %X'0010AE00' (P0 space)
			page fault cluster size: default
			ISD flags:
				(0)  ISD$V_GBL        0
				(1)  ISD$V_CRF        1
				(2)  ISD$V_DZRO       0
				(3)  ISD$V_WRT        1
				(7)  ISD$V_LASTCLU    0
				(8)  ISD$V_INITALCODE 0
				(9)  ISD$V_BASED      0
				(10) ISD$V_FIXUPVEC   0
				(11) ISD$V_RESIDENT   0
				(17) ISD$V_VECTOR     0
				(18) ISD$V_PROTECT    0

Analyze Image                                15-OCT-2002 11:15:18.24   Page 15
LSL$LITES2_ROOT:[EXE]LITES2MOTIF.EXE;3
ANALYZ V07-04

			section type: ISD$K_NORMAL
			base VBN: 1346

		40)  image section descriptor (16 bytes)
			page count: 921
			base virtual address: %X'0010D800' (P0 space)
			page fault cluster size: default
			ISD flags:
				(0)  ISD$V_GBL        0
				(1)  ISD$V_CRF        0
				(2)  ISD$V_DZRO       0
				(3)  ISD$V_WRT        0
				(7)  ISD$V_LASTCLU    0
				(8)  ISD$V_INITALCODE 0
				(9)  ISD$V_BASED      0
				(10) ISD$V_FIXUPVEC   0
				(11) ISD$V_RESIDENT   0
				(17) ISD$V_VECTOR     0
				(18) ISD$V_PROTECT    0
			section type: ISD$K_NORMAL
			base VBN: 1367

		41)  image section descriptor (16 bytes)
			page count: 6
			base virtual address: %X'00180A00' (P0 space)
			page fault cluster size: default
			ISD flags:
				(0)  ISD$V_GBL        0
				(1)  ISD$V_CRF        1
				(2)  ISD$V_DZRO       0
				(3)  ISD$V_WRT        1
				(7)  ISD$V_LASTCLU    0
				(8)  ISD$V_INITALCODE 0
				(9)  ISD$V_BASED      0
				(10) ISD$V_FIXUPVEC   0
				(11) ISD$V_RESIDENT   0
				(17) ISD$V_VECTOR     0
				(18) ISD$V_PROTECT    0
			section type: ISD$K_NORMAL
			base VBN: 2288

		42)  image section descriptor (16 bytes)
			page count: 8
			base virtual address: %X'00181600' (P0 space)
			page fault cluster size: default
			ISD flags:
				(0)  ISD$V_GBL        0
				(1)  ISD$V_CRF        0
				(2)  ISD$V_DZRO       0
				(3)  ISD$V_WRT        0
				(7)  ISD$V_LASTCLU    0
				(8)  ISD$V_INITALCODE 0
				(9)  ISD$V_BASED      0
				(10) ISD$V_FIXUPVEC   0
				(11) ISD$V_RESIDENT   0

Analyze Image                                15-OCT-2002 11:15:18.30   Page 16
LSL$LITES2_ROOT:[EXE]LITES2MOTIF.EXE;3
ANALYZ V07-04

				(17) ISD$V_VECTOR     1
				(18) ISD$V_PROTECT    1
			section type: ISD$K_NORMAL
			base VBN: 2294

		43)  image section descriptor (16 bytes)
			page count: 1
			base virtual address: %X'00182600' (P0 space)
			page fault cluster size: default
			ISD flags:
				(0)  ISD$V_GBL        0
				(1)  ISD$V_CRF        0
				(2)  ISD$V_DZRO       0
				(3)  ISD$V_WRT        0
				(7)  ISD$V_LASTCLU    1
				(8)  ISD$V_INITALCODE 0
				(9)  ISD$V_BASED      0
				(10) ISD$V_FIXUPVEC   0
				(11) ISD$V_RESIDENT   0
				(17) ISD$V_VECTOR     0
				(18) ISD$V_PROTECT    0
			section type: ISD$K_NORMAL
			base VBN: 2302

		44)  image section descriptor (16 bytes)
			page count: 1
			base virtual address: %X'00182800' (P0 space)
			page fault cluster size: default
			ISD flags:
				(0)  ISD$V_GBL        0
				(1)  ISD$V_CRF        1
				(2)  ISD$V_DZRO       0
				(3)  ISD$V_WRT        1
				(7)  ISD$V_LASTCLU    1
				(8)  ISD$V_INITALCODE 0
				(9)  ISD$V_BASED      0
				(10) ISD$V_FIXUPVEC   0
				(11) ISD$V_RESIDENT   0
				(17) ISD$V_VECTOR     0
				(18) ISD$V_PROTECT    0
			section type: ISD$K_NORMAL
			base VBN: 2303

		45)  image section descriptor (16 bytes)
			page count: 2
			base virtual address: %X'00182A00' (P0 space)
			page fault cluster size: default
			ISD flags:
				(0)  ISD$V_GBL        0
				(1)  ISD$V_CRF        0
				(2)  ISD$V_DZRO       0
				(3)  ISD$V_WRT        0
				(7)  ISD$V_LASTCLU    1
				(8)  ISD$V_INITALCODE 0
				(9)  ISD$V_BASED      0

Analyze Image                                15-OCT-2002 11:15:18.35   Page 17
LSL$LITES2_ROOT:[EXE]LITES2MOTIF.EXE;3
ANALYZ V07-04

				(10) ISD$V_FIXUPVEC   0
				(11) ISD$V_RESIDENT   0
				(17) ISD$V_VECTOR     0
				(18) ISD$V_PROTECT    0
			section type: ISD$K_NORMAL
			base VBN: 2304

		46)  image section descriptor (16 bytes)
			page count: 15
			base virtual address: %X'00182E00' (P0 space)
			page fault cluster size: default
			ISD flags:
				(0)  ISD$V_GBL        0
				(1)  ISD$V_CRF        1
				(2)  ISD$V_DZRO       0
				(3)  ISD$V_WRT        1
				(7)  ISD$V_LASTCLU    0
				(8)  ISD$V_INITALCODE 0
				(9)  ISD$V_BASED      0
				(10) ISD$V_FIXUPVEC   1
				(11) ISD$V_RESIDENT   0
				(17) ISD$V_VECTOR     0
				(18) ISD$V_PROTECT    0
			section type: ISD$K_NORMAL
			base VBN: 2306

		47)  image section descriptor (12 bytes)
			page count: 20
			base virtual address: %X'7FFFD800' (P1 space)
			page fault cluster size: default
			ISD flags:
				(0)  ISD$V_GBL        0
				(1)  ISD$V_CRF        0
				(2)  ISD$V_DZRO       1
				(3)  ISD$V_WRT        1
				(7)  ISD$V_LASTCLU    1
				(8)  ISD$V_INITALCODE 0
				(9)  ISD$V_BASED      0
				(10) ISD$V_FIXUPVEC   0
				(11) ISD$V_RESIDENT   0
				(17) ISD$V_VECTOR     0
				(18) ISD$V_PROTECT    0
			section type: ISD$K_USRSTACK

		48)  image section descriptor (35 bytes)
			page count: 1
			base virtual address: %X'00000000' (P0 space)
			page fault cluster size: default
			ISD flags:
				(0)  ISD$V_GBL        1
				(1)  ISD$V_CRF        0
				(2)  ISD$V_DZRO       0
				(3)  ISD$V_WRT        0
				(7)  ISD$V_LASTCLU    0
				(8)  ISD$V_INITALCODE 0

Analyze Image                                15-OCT-2002 11:15:18.36   Page 18
LSL$LITES2_ROOT:[EXE]LITES2MOTIF.EXE;3
ANALYZ V07-04

				(9)  ISD$V_BASED      0
				(10) ISD$V_FIXUPVEC   0
				(11) ISD$V_RESIDENT   0
				(17) ISD$V_VECTOR     0
				(18) ISD$V_PROTECT    0
			section type: ISD$K_PRVFXD
			base VBN: 0
			global section major id: %X'01', minor id: %X'000005'
			match control: ISD$K_MATLEQ
			global section name: "LSL$FRTSHR_001"

		49)  image section descriptor (31 bytes)
			page count: 66
			base virtual address: %X'00000000' (P0 space)
			page fault cluster size: default
			ISD flags:
				(0)  ISD$V_GBL        1
				(1)  ISD$V_CRF        0
				(2)  ISD$V_DZRO       0
				(3)  ISD$V_WRT        0
				(7)  ISD$V_LASTCLU    0
				(8)  ISD$V_INITALCODE 0
				(9)  ISD$V_BASED      0
				(10) ISD$V_FIXUPVEC   0
				(11) ISD$V_RESIDENT   0
				(17) ISD$V_VECTOR     0
				(18) ISD$V_PROTECT    0
			section type: ISD$K_SHRPIC
			base VBN: 0
			global section major id: %X'01', minor id: %X'000064'
			match control: ISD$K_MATLEQ
			global section name: "FORRTL_001"

		50)  image section descriptor (31 bytes)
			page count: 194
			base virtual address: %X'00000000' (P0 space)
			page fault cluster size: default
			ISD flags:
				(0)  ISD$V_GBL        1
				(1)  ISD$V_CRF        0
				(2)  ISD$V_DZRO       0
				(3)  ISD$V_WRT        0
				(7)  ISD$V_LASTCLU    0
				(8)  ISD$V_INITALCODE 0
				(9)  ISD$V_BASED      0
				(10) ISD$V_FIXUPVEC   0
				(11) ISD$V_RESIDENT   0
				(17) ISD$V_VECTOR     0
				(18) ISD$V_PROTECT    0
			section type: ISD$K_SHRPIC
			base VBN: 0
			global section major id: %X'01', minor id: %X'00000E'
			match control: ISD$K_MATLEQ
			global section name: "LIBRTL_001"


Analyze Image                                15-OCT-2002 11:15:18.38   Page 19
LSL$LITES2_ROOT:[EXE]LITES2MOTIF.EXE;3
ANALYZ V07-04

		51)  image section descriptor (32 bytes)
			page count: 64
			base virtual address: %X'00000000' (P0 space)
			page fault cluster size: default
			ISD flags:
				(0)  ISD$V_GBL        1
				(1)  ISD$V_CRF        0
				(2)  ISD$V_DZRO       0
				(3)  ISD$V_WRT        0
				(7)  ISD$V_LASTCLU    0
				(8)  ISD$V_INITALCODE 0
				(9)  ISD$V_BASED      0
				(10) ISD$V_FIXUPVEC   0
				(11) ISD$V_RESIDENT   0
				(17) ISD$V_VECTOR     0
				(18) ISD$V_PROTECT    0
			section type: ISD$K_SHRPIC
			base VBN: 0
			global section major id: %X'01', minor id: %X'00000C'
			match control: ISD$K_MATLEQ
			global section name: "LIBRTL2_001"

		52)  image section descriptor (31 bytes)
			page count: 335
			base virtual address: %X'00000000' (P0 space)
			page fault cluster size: default
			ISD flags:
				(0)  ISD$V_GBL        1
				(1)  ISD$V_CRF        0
				(2)  ISD$V_DZRO       0
				(3)  ISD$V_WRT        0
				(7)  ISD$V_LASTCLU    0
				(8)  ISD$V_INITALCODE 0
				(9)  ISD$V_BASED      0
				(10) ISD$V_FIXUPVEC   0
				(11) ISD$V_RESIDENT   0
				(17) ISD$V_VECTOR     0
				(18) ISD$V_PROTECT    0
			section type: ISD$K_SHRPIC
			base VBN: 0
			global section major id: %X'81', minor id: %X'00800C'
			match control: ISD$K_MATLEQ
			global section name: "MTHRTL_001"

		53)  image section descriptor (35 bytes)
			page count: 2
			base virtual address: %X'00000000' (P0 space)
			page fault cluster size: default
			ISD flags:
				(0)  ISD$V_GBL        1
				(1)  ISD$V_CRF        0
				(2)  ISD$V_DZRO       0
				(3)  ISD$V_WRT        0
				(7)  ISD$V_LASTCLU    0
				(8)  ISD$V_INITALCODE 0

Analyze Image                                15-OCT-2002 11:15:18.49   Page 20
LSL$LITES2_ROOT:[EXE]LITES2MOTIF.EXE;3
ANALYZ V07-04

				(9)  ISD$V_BASED      0
				(10) ISD$V_FIXUPVEC   0
				(11) ISD$V_RESIDENT   0
				(17) ISD$V_VECTOR     0
				(18) ISD$V_PROTECT    0
			section type: ISD$K_PRVFXD
			base VBN: 0
			global section major id: %X'01', minor id: %X'000001'
			match control: ISD$K_MATLEQ
			global section name: "LSL$IFFSHR_001"

		54)  image section descriptor (35 bytes)
			page count: 3
			base virtual address: %X'00000000' (P0 space)
			page fault cluster size: default
			ISD flags:
				(0)  ISD$V_GBL        1
				(1)  ISD$V_CRF        0
				(2)  ISD$V_DZRO       0
				(3)  ISD$V_WRT        0
				(7)  ISD$V_LASTCLU    0
				(8)  ISD$V_INITALCODE 0
				(9)  ISD$V_BASED      0
				(10) ISD$V_FIXUPVEC   0
				(11) ISD$V_RESIDENT   0
				(17) ISD$V_VECTOR     0
				(18) ISD$V_PROTECT    0
			section type: ISD$K_PRVFXD
			base VBN: 0
			global section major id: %X'01', minor id: %X'000005'
			match control: ISD$K_MATLEQ
			global section name: "LSL$LSLSHR_001"

		55)  image section descriptor (35 bytes)
			page count: 2
			base virtual address: %X'00000000' (P0 space)
			page fault cluster size: default
			ISD flags:
				(0)  ISD$V_GBL        1
				(1)  ISD$V_CRF        0
				(2)  ISD$V_DZRO       0
				(3)  ISD$V_WRT        0
				(7)  ISD$V_LASTCLU    0
				(8)  ISD$V_INITALCODE 0
				(9)  ISD$V_BASED      0
				(10) ISD$V_FIXUPVEC   0
				(11) ISD$V_RESIDENT   0
				(17) ISD$V_VECTOR     0
				(18) ISD$V_PROTECT    0
			section type: ISD$K_PRVFXD
			base VBN: 0
			global section major id: %X'01', minor id: %X'000001'
			match control: ISD$K_MATLEQ
			global section name: "LSL$DTISHR_001"


Analyze Image                                15-OCT-2002 11:15:18.51   Page 21
LSL$LITES2_ROOT:[EXE]LITES2MOTIF.EXE;3
ANALYZ V07-04

		56)  image section descriptor (44 bytes)
			page count: 74
			base virtual address: %X'00000000' (P0 space)
			page fault cluster size: default
			ISD flags:
				(0)  ISD$V_GBL        1
				(1)  ISD$V_CRF        0
				(2)  ISD$V_DZRO       0
				(3)  ISD$V_WRT        0
				(7)  ISD$V_LASTCLU    0
				(8)  ISD$V_INITALCODE 0
				(9)  ISD$V_BASED      0
				(10) ISD$V_FIXUPVEC   0
				(11) ISD$V_RESIDENT   0
				(17) ISD$V_VECTOR     0
				(18) ISD$V_PROTECT    0
			section type: ISD$K_SHRPIC
			base VBN: 0
			global section major id: %X'02', minor id: %X'000000'
			match control: ISD$K_MATLEQ
			global section name: "XDPS$DPSBINDINGSSHR_001"

		57)  image section descriptor (39 bytes)
			page count: 27
			base virtual address: %X'00000000' (P0 space)
			page fault cluster size: default
			ISD flags:
				(0)  ISD$V_GBL        1
				(1)  ISD$V_CRF        0
				(2)  ISD$V_DZRO       0
				(3)  ISD$V_WRT        0
				(7)  ISD$V_LASTCLU    0
				(8)  ISD$V_INITALCODE 0
				(9)  ISD$V_BASED      0
				(10) ISD$V_FIXUPVEC   0
				(11) ISD$V_RESIDENT   0
				(17) ISD$V_VECTOR     0
				(18) ISD$V_PROTECT    0
			section type: ISD$K_SHRPIC
			base VBN: 0
			global section major id: %X'02', minor id: %X'000002'
			match control: ISD$K_MATLEQ
			global section name: "XDPS$DPSLIBSHR_001"

		58)  image section descriptor (37 bytes)
			page count: 675
			base virtual address: %X'00000000' (P0 space)
			page fault cluster size: default
			ISD flags:
				(0)  ISD$V_GBL        1
				(1)  ISD$V_CRF        0
				(2)  ISD$V_DZRO       0
				(3)  ISD$V_WRT        0
				(7)  ISD$V_LASTCLU    0
				(8)  ISD$V_INITALCODE 0

Analyze Image                                15-OCT-2002 11:15:18.52   Page 22
LSL$LITES2_ROOT:[EXE]LITES2MOTIF.EXE;3
ANALYZ V07-04

				(9)  ISD$V_BASED      0
				(10) ISD$V_FIXUPVEC   0
				(11) ISD$V_RESIDENT   0
				(17) ISD$V_VECTOR     0
				(18) ISD$V_PROTECT    0
			section type: ISD$K_SHRPIC
			base VBN: 0
			global section major id: %X'64', minor id: %X'000004'
			match control: ISD$K_MATLEQ
			global section name: "DECW$XLIBSHR_001"

		59)  image section descriptor (46 bytes)
			page count: 31
			base virtual address: %X'00000000' (P0 space)
			page fault cluster size: default
			ISD flags:
				(0)  ISD$V_GBL        1
				(1)  ISD$V_CRF        0
				(2)  ISD$V_DZRO       0
				(3)  ISD$V_WRT        0
				(7)  ISD$V_LASTCLU    0
				(8)  ISD$V_INITALCODE 0
				(9)  ISD$V_BASED      0
				(10) ISD$V_FIXUPVEC   0
				(11) ISD$V_RESIDENT   0
				(17) ISD$V_VECTOR     0
				(18) ISD$V_PROTECT    1
			section type: ISD$K_SHRPIC
			base VBN: 0
			global section major id: %X'0C', minor id: %X'00000D'
			match control: ISD$K_MATLEQ
			global section name: "DECW$TRANSPORT_COMMON_001"

		60)  image section descriptor (42 bytes)
			page count: 71
			base virtual address: %X'00000000' (P0 space)
			page fault cluster size: default
			ISD flags:
				(0)  ISD$V_GBL        1
				(1)  ISD$V_CRF        1
				(2)  ISD$V_DZRO       0
				(3)  ISD$V_WRT        1
				(7)  ISD$V_LASTCLU    0
				(8)  ISD$V_INITALCODE 0
				(9)  ISD$V_BASED      0
				(10) ISD$V_FIXUPVEC   0
				(11) ISD$V_RESIDENT   0
				(17) ISD$V_VECTOR     0
				(18) ISD$V_PROTECT    0
			section type: ISD$K_PRVPIC
			base VBN: 0
			global section major id: %X'02', minor id: %X'000001'
			match control: ISD$K_MATLEQ
			global section name: "XDPS$DPSCLIENTSHR_001"


Analyze Image                                15-OCT-2002 11:15:18.54   Page 23
LSL$LITES2_ROOT:[EXE]LITES2MOTIF.EXE;3
ANALYZ V07-04

		61)  image section descriptor (39 bytes)
			page count: 55
			base virtual address: %X'00000000' (P0 space)
			page fault cluster size: default
			ISD flags:
				(0)  ISD$V_GBL        1
				(1)  ISD$V_CRF        1
				(2)  ISD$V_DZRO       0
				(3)  ISD$V_WRT        1
				(7)  ISD$V_LASTCLU    0
				(8)  ISD$V_INITALCODE 0
				(9)  ISD$V_BASED      0
				(10) ISD$V_FIXUPVEC   0
				(11) ISD$V_RESIDENT   0
				(17) ISD$V_VECTOR     0
				(18) ISD$V_PROTECT    0
			section type: ISD$K_PRVPIC
			base VBN: 0
			global section major id: %X'64', minor id: %X'000003'
			match control: ISD$K_MATLEQ
			global section name: "DECW$DWTLIBSHR_001"

		62)  image section descriptor (38 bytes)
			page count: 21
			base virtual address: %X'00000000' (P0 space)
			page fault cluster size: default
			ISD flags:
				(0)  ISD$V_GBL        1
				(1)  ISD$V_CRF        0
				(2)  ISD$V_DZRO       0
				(3)  ISD$V_WRT        0
				(7)  ISD$V_LASTCLU    0
				(8)  ISD$V_INITALCODE 0
				(9)  ISD$V_BASED      0
				(10) ISD$V_FIXUPVEC   0
				(11) ISD$V_RESIDENT   0
				(17) ISD$V_VECTOR     0
				(18) ISD$V_PROTECT    0
			section type: ISD$K_SHRPIC
			base VBN: 0
			global section major id: %X'04', minor id: %X'000001'
			match control: ISD$K_MATLEQ
			global section name: "DECW$XMLIBSHR_001"

		63)  image section descriptor (32 bytes)
			page count: 4
			base virtual address: %X'00000000' (P0 space)
			page fault cluster size: default
			ISD flags:
				(0)  ISD$V_GBL        1
				(1)  ISD$V_CRF        0
				(2)  ISD$V_DZRO       0
				(3)  ISD$V_WRT        0
				(7)  ISD$V_LASTCLU    0
				(8)  ISD$V_INITALCODE 0

Analyze Image                                15-OCT-2002 11:15:18.56   Page 24
LSL$LITES2_ROOT:[EXE]LITES2MOTIF.EXE;3
ANALYZ V07-04

				(9)  ISD$V_BASED      0
				(10) ISD$V_FIXUPVEC   0
				(11) ISD$V_RESIDENT   0
				(17) ISD$V_VECTOR     0
				(18) ISD$V_PROTECT    0
			section type: ISD$K_SHRPIC
			base VBN: 0
			global section major id: %X'04', minor id: %X'000003'
			match control: ISD$K_MATLEQ
			global section name: "VAXCRTL_001"

		64)  image section descriptor (31 bytes)
			page count: 1
			base virtual address: %X'00000000' (P0 space)
			page fault cluster size: default
			ISD flags:
				(0)  ISD$V_GBL        1
				(1)  ISD$V_CRF        0
				(2)  ISD$V_DZRO       0
				(3)  ISD$V_WRT        0
				(7)  ISD$V_LASTCLU    0
				(8)  ISD$V_INITALCODE 0
				(9)  ISD$V_BASED      0
				(10) ISD$V_FIXUPVEC   0
				(11) ISD$V_RESIDENT   0
				(17) ISD$V_VECTOR     0
				(18) ISD$V_PROTECT    0
			section type: ISD$K_SHRFXD
			base VBN: 0
			global section major id: %X'02', minor id: %X'000009'
			match control: ISD$K_MATLEQ
			global section name: "LBRSHR_001"

		65)  image section descriptor (31 bytes)
			page count: 14
			base virtual address: %X'00000000' (P0 space)
			page fault cluster size: default
			ISD flags:
				(0)  ISD$V_GBL        1
				(1)  ISD$V_CRF        0
				(2)  ISD$V_DZRO       0
				(3)  ISD$V_WRT        0
				(7)  ISD$V_LASTCLU    0
				(8)  ISD$V_INITALCODE 0
				(9)  ISD$V_BASED      0
				(10) ISD$V_FIXUPVEC   0
				(11) ISD$V_RESIDENT   0
				(17) ISD$V_VECTOR     0
				(18) ISD$V_PROTECT    0
			section type: ISD$K_SHRPIC
			base VBN: 0
			global section major id: %X'01', minor id: %X'000B54'
			match control: ISD$K_MATLEQ
			global section name: "SCRSHR_001"


Analyze Image                                15-OCT-2002 11:15:18.64   Page 25
LSL$LITES2_ROOT:[EXE]LITES2MOTIF.EXE;3
ANALYZ V07-04

		66)  image section descriptor (34 bytes)
			page count: 2
			base virtual address: %X'00000000' (P0 space)
			page fault cluster size: default
			ISD flags:
				(0)  ISD$V_GBL        1
				(1)  ISD$V_CRF        0
				(2)  ISD$V_DZRO       0
				(3)  ISD$V_WRT        0
				(7)  ISD$V_LASTCLU    0
				(8)  ISD$V_INITALCODE 0
				(9)  ISD$V_BASED      0
				(10) ISD$V_FIXUPVEC   0
				(11) ISD$V_RESIDENT   0
				(17) ISD$V_VECTOR     0
				(18) ISD$V_PROTECT    0
			section type: ISD$K_SHRPIC
			base VBN: 0
			global section major id: %X'01', minor id: %X'000001'
			match control: ISD$K_MATLEQ
			global section name: "SECURESHR_001"

		67)  image section descriptor (35 bytes)
			page count: 1
			base virtual address: %X'00000000' (P0 space)
			page fault cluster size: default
			ISD flags:
				(0)  ISD$V_GBL        1
				(1)  ISD$V_CRF        0
				(2)  ISD$V_DZRO       0
				(3)  ISD$V_WRT        0
				(7)  ISD$V_LASTCLU    0
				(8)  ISD$V_INITALCODE 0
				(9)  ISD$V_BASED      0
				(10) ISD$V_FIXUPVEC   0
				(11) ISD$V_RESIDENT   0
				(17) ISD$V_VECTOR     0
				(18) ISD$V_PROTECT    1
			section type: ISD$K_SHRPIC
			base VBN: 0
			global section major id: %X'01', minor id: %X'000001'
			match control: ISD$K_MATLEQ
			global section name: "SECURESHRP_001"

Analyze Image                                15-OCT-2002 11:15:18.70   Page 26
LSL$LITES2_ROOT:[EXE]LITES2MOTIF.EXE;3
ANALYZ V07-04

IMAGE ACTIVATOR FIXUP SECTION


	Fixed Information

		Flags:
			(0)  IAF$V_SHR        0
		shareable image count: 21
		extra image count: 0

	Shareable Image List

		0)  this image
		1)  "LSL$FRTSHR"
		2)  "FORRTL"
		3)  "LIBRTL"
		4)  "LIBRTL2"
		5)  "MTHRTL"
		6)  "LSL$IFFSHR"
		7)  "LSL$LSLSHR"
		8)  "LSL$DTISHR"
		9)  "XDPS$DPSBINDINGSSHR"
		10)  "XDPS$DPSLIBSHR"
		11)  "DECW$XLIBSHR"
		12)  "DECW$TRANSPORT_COMMON"
		13)  "XDPS$DPSCLIENTSHR"
		14)  "DECW$DWTLIBSHR"
		15)  "DECW$XMLIBSHR"
		16)  "VAXCRTL"
		17)  "LBRSHR"
		18)  "SCRSHR"
		19)  "SECURESHR"
		20)  "SECURESHRP"

	G^ Reference Fixups

		31 references to image 1:
			  00000068  00000040  00000008  000000C0
			  00000090  00000028  00000050  00000000
			  00000018  00000048  000000C8  000000E0
			  00000058  000000D0  00000060  00000010
			  00000080  00000120  00000118  00000110
			  000000D8  000000B0  000000E8  000000A0
			  000000F0  00000030  000000A8  00000108
			  00000020  00000100  00000098

		17 references to image 2:
			  00000440  000000F8  00000438  00000138
			  000003C8  00000418  000003D8  00000110
			  000003B8  00000410  000003C0  00000130
			  00000128  000002E0  000003A8  00000398
			  00000368


Analyze Image                                15-OCT-2002 11:15:18.75   Page 27
LSL$LITES2_ROOT:[EXE]LITES2MOTIF.EXE;3
ANALYZ V07-04

		68 references to image 3:
			  000003D8  00000448  00000450  000003A8
			  000003B0  000004D0  000006B8  000006D8
			  00000AD0  00000340  000004A0  00000748
			  00000688  00000520  00000730  000006A8
			  000006D0  00000770  00000690  00000928
			  00000758  00000680  00000A58  000004E0
			  00000660  00000848  00000930  00000830
			  000007A8  00000478  00000A30  00000838
			  00000490  00000A00  000003F0  00000508
			  000007A0  000007B0  00000420  00000810
			  00000700  000006F0  00000A50  00000A10
			  000003F8  000003C0  00000428  00000608
			  00000460  00000550  000003D0  00000548
			  000004B0  00000678  00000778  00000720
			  00000438  00000670  000003E0  000006E0
			  00000698  000004F0  000003C8  000005F8
			  00000878  00000338  00000330  00000518

		3 references to image 4:
			  00000020  00000018  00000010

		38 references to image 5:
			  000007B8  000006E0  000006B8  00000230
			  00000240  000001E0  00000180  000001A8
			  000002E8  00000748  000007A8  00000228
			  00000220  000001B8  000002D0  00000168
			  00000190  000001C0  00000628  00000270
			  000002B0  00000A80  00000058  00000038
			  00000298  00000258  00000278  00000650
			  00000690  00000630  000002C8  000002C0
			  00000678  00000658  00000638  000000A0
			  000006A8  000006A0

		60 references to image 6:
			  00000128  00000120  00000030  000002A0
			  000001C0  00000050  00000108  00000118
			  00000110  00000100  000000B0  000000F8
			  000001C8  00000140  000000C0  000000B8
			  000000D0  000000C8  00000028  000001D8
			  00000240  00000010  00000238  00000260
			  00000230  00000228  00000040  00000198
			  00000248  00000210  000002C0  000002D0
			  00000280  000002D8  000002A8  00000048
			  000001B0  00000150  000000E0  000000D8
			  00000318  00000158  000001D0  00000220
			  00000178  00000170  000001F8  00000258
			  00000208  00000250  00000018  00000218
			  000002C8  000002B8  000002B0  00000008
			  00000180  00000000  00000188  00000190

		74 references to image 7:
			  000003C0  000003D8  000001B8  00000370
			  00000238  000000A8  00000398  000003B0
			  00000038  00000030  00000028  00000328

Analyze Image                                15-OCT-2002 11:15:18.77   Page 28
LSL$LITES2_ROOT:[EXE]LITES2MOTIF.EXE;3
ANALYZ V07-04

			  000003F0  00000008  00000000  00000148
			  000004A0  00000020  00000208  000004F0
			  000000F8  000004F8  00000138  00000160
			  00000470  00000480  000004C0  00000170
			  00000350  000000B0  00000500  00000158
			  000003E8  000001D8  00000420  00000410
			  00000260  00000228  00000330  00000460
			  000001E0  000001C8  00000468  000004A8
			  00000280  00000458  00000450  000000E0
			  00000338  000000C0  00000098  00000448
			  00000320  000003A8  00000400  00000430
			  00000380  000000F0  000000D0  00000248
			  00000128  00000178  00000188  00000010
			  00000340  000004C0  000000A0  00000348
			  00000018  00000090  000003F8  00000088
			  000004C8  00000418

		14 references to image 8:
			  00000138  00000120  00000100  000000D8
			  00000048  000000B0  00000000  00000068
			  000000B8  00000008  00000010  00000040
			  00000038  00000030

		1 reference to image 9:
			  000001E0

		266 references to image 11:
			  000011C8  00000D78  00000DA0  00000DD8
			  00001490  00001860  00001260  00000FA0
			  000006B8  00000838  00000848  00000850
			  00000880  00000858  00000878  00000870
			  00000868  000017C0  000017B8  00000450
			  00000190  00000730  00000AC0  000000C8
			  000005C8  00001888  00000068  000000A8
			  000000D8  00000120  00000128  00000150
			  00000158  000001A8  00000260  000002C8
			  000002E8  00000308  00000488  00000490
			  000003D0  000003E8  00000400  00000470
			  00000430  00000438  00000448  00001B58
			  000004A8  00000558  00000568  00000570
			  000002E0  000002D8  000007C0  000007D8
			  00000590  00000B68  00000598  00000B70
			  00000220  000001E8  000001D8  000006C0
			  00000AA8  00000738  00000248  00000208
			  00000668  00000670  00000678  00001898
			  000018B8  00000238  000005B8  00000440
			  000004E0  000006A8  000006E8  000006F0
			  00000760  00000140  00001760  000008C0
			  000008C8  000008D0  00000900  00000A10
			  000009E8  00000928  00000980  000009A8
			  00000A58  00000A50  000009D8  00000988
			  000019B0  000019C8  00001980  000009D0
			  00001990  000019A0  000019A8  00001988
			  000019B8  00000978  00000A88  00001918
			  000008E8  00000AB8  00000AB0  00000328

Analyze Image                                15-OCT-2002 11:15:18.89   Page 29
LSL$LITES2_ROOT:[EXE]LITES2MOTIF.EXE;3
ANALYZ V07-04

			  00000AC8  00000320  00000AF0  00000B08
			  00000B30  00000B40  00000408  00000800
			  00000000  000007F0  00000010  000007E8
			  00000008  000007E0  00000020  000000D0
			  00000030  00000038  00000048  00000058
			  00000060  000000A0  000000B0  000000B8
			  000000C0  00000108  00000110  00000118
			  00000B88  00000AA0  00000B28  000005D0
			  00000A60  000006C8  00000250  000009C0
			  00000130  000017D0  00000138  00000168
			  00000170  00000180  00000228  00000240
			  00000258  000008E0  00000268  00000348
			  000002D0  000002F0  000002F8  00000300
			  00000310  00000318  00000330  00000338
			  00000388  00000380  00000390  000003B0
			  00000360  000003A0  00000370  000003A8
			  00000398  00000368  00000378  000005B0
			  00000A70  00000A68  00000898  000003D8
			  000003E0  000003F0  00000410  00000418
			  00000420  00000428  00000530  000004C8
			  000004D0  000004E8  00000500  00000510
			  00000688  00000588  000005A0  000005C0
			  000005F0  00000660  00000680  000006A0
			  000017A8  00000728  00000768  00000780
			  00000788  00000790  00000798  000007B0
			  000007C8  000007F8  00000808  00000810
			  000008A0  00000A00  00000970  00000948
			  00000940  000008F0  000008F8  00000908
			  00000910  00000918  00000920  00000930
			  00000990  00000938  00000950  00000958
			  00000960  00000968  00000998  000009B0
			  000009C8  000009E0  000009F0  000009F8
			  00000A08  00000A18  00000A20  00000A28
			  00000A30  00000A38  00000A40  00000A48
			  00000A78  00000A80  00000A90  00000AE8
			  00000AF8  00000B00  00000B10  00000B18
			  00000B38  00000B50  00000B78  00000CC8
			  00000D30  00000FD8  000011A0  00001308
			  00001340  00001E00

		12 references to image 13:
			  00002F70  00001950  00001930  00000350
			  00001500  00000820  00000300  000003A0
			  00000520  000007A0  00000E70  000007C0

		39 references to image 14:
			  00004E60  00004EE0  00005130  000053A8
			  000054D8  00005588  00005638  00005658
			  000057A8  000057B8  00005888  00005998
			  000059B8  00003E10  00003C34  00003C30
			  00003BA0  00003A14  00003A10  00003A0C
			  00003978  00003974  000038DC  000038D8
			  00003840  000035F8  0000356C  00003134
			  00003130  00002F60  00002ED0  00002E5C
			  00002E58  000025E4  00002540  0000253C

Analyze Image                                15-OCT-2002 11:15:18.91   Page 30
LSL$LITES2_ROOT:[EXE]LITES2MOTIF.EXE;3
ANALYZ V07-04

			  00002428  0000229C  00002200

		18 references to image 15:
			  00000350  00000310  00000030  00000110
			  00000018  0000433C  00004290  00003AFC
			  000039A8  00003918  000036D0  00003610
			  000034A8  0000335C  000032C4  000032C0
			  00002F9C  00002C04

		27 references to image 16:
			  00000314  0000003C  0000006C  0000008C
			  000000A4  000000AC  000000B4  000002DC
			  000003FC  000003E4  00000404  000003F4
			  000006D4  000006E4  000006EC  00000464
			  0000029C  0000028C  000002B4  00000274
			  00000284  000002AC  0000079C  00000144
			  000003B4  00000104  0000034C

		1 reference to image 17:
			  00000073

		6 references to image 18:
			  00000088  00000038  00000048  00000000
			  00000018  000000B8

		1 reference to image 19:
			  00000050

	.ADDRESS Reference Fixups (relative to %X'00000200')

		161 references to image 1:
			  000465A8  000465D8  000465E0  000465FC
			  001837A8  001837AC  001837B0  001837B4
			  001837B8  001837BC  001837D0  001837DC
			  001837E0  001837E4  001837E8  001837EC
			  001837F0  001837F4  001837F8  001837FC
			  00049914  00183800  00183804  0004A280
			  0004A28C  0004A290  0004A2D8  0004A390
			  0004A3AC  0004A3B0  0004A3B4  0004A3C8
			  0004A428  0004A438  0004A43C  0004A440
			  0004A458  0004A4B8  0004A4D4  0004A4D8
			  0004A4DC  0004A4EC  00183808  0018380C
			  00183810  00183814  00183818  0018381C
			  00183820  00183824  0004A658  0004AA68
			  0004AB00  0004ACA0  0004ACCC  0004ACD0
			  0004ACD4  0004ACD8  0004ACF4  0004AD14
			  0004AD18  0004AD1C  0004AD20  0004AD34
			  0004AD50  0004AD5C  0004AD7C  0004B18C
			  0004B194  0004B1A4  0004B1B0  0004B1E8
			  0004B1F4  0004B204  00183864  00183868
			  0018386C  00183870  00183874  00183878
			  0018387C  00183880  00183884  000CBEE8
			  00183888  0018389C  001838A0  000D4B68
			  000D4B6C  000D5D98  000D5DF8  000D5E14
			  000D5EA8  000D6328  000D632C  000D6330

Analyze Image                                15-OCT-2002 11:15:18.93   Page 31
LSL$LITES2_ROOT:[EXE]LITES2MOTIF.EXE;3
ANALYZ V07-04

			  000D650C  000D6510  000D6514  000D9B14
			  000D9E44  000D9EC8  001838B4  000DD3A0
			  001838B8  000DDC30  001838BC  001838C0
			  000DE238  000DE23C  000DE7B4  000DE7D4
			  000DE7F4  000DF35C  000DF360  000DF364
			  000DF368  000DF36C  000DF370  000DF374
			  000DF378  000DF3FC  000DF42C  000DF49C
			  000DF4B4  001838C8  001838CC  001838D0
			  001838D4  001838D8  001838DC  001838E0
			  000E392C  000E393C  000E394C  000E4F90
			  000E5134  000E5154  000EDA80  000EE0D8
			  000F3828  000F391C  000F3920  000F392C
			  000F3930  000F394C  000F3950  000F4E58
			  000FC1EC  000FC22C  000FC23C  000FCBAC
			  000FCC74  000FCC8C  000FCCC4  000FCCE0
			  000FCD14  000FCFD8  000FCFDC  000FCFE0
			  00183930

		30 references to image 6:
			  001837C0  001837C4  001837C8  001837CC
			  00047748  0004774C  001837D4  0004BC64
			  0004C29C  0004C2A0  0004C2A4  0004C2B0
			  0004C2E4  000C8B68  000C8B6C  000C8B88
			  000D7364  000E4378  000E437C  000E451C
			  000E4520  000EAD98  000EADBC  000EDDD8
			  000EDDDC  000F3198  000F3B98  000F3E98
			  000F3E9C  000F40B8

		444 references to image 7:
			  000314D4  0018375C  00183760  00031540
			  00031578  00183764  000317E8  000317F4
			  00031800  00031824  00183768  0018376C
			  0003190C  00183770  00183774  00183778
			  0018377C  00183780  00183784  00031EB4
			  00031EBC  00031EC0  00031ED4  00183788
			  0018378C  000320D8  00032388  000323B4
			  000323D4  000323E4  0003246C  00032480
			  00032504  00032508  00032514  00032670
			  00032690  000326F0  00032778  000327A8
			  000327B8  000327C4  000327C8  000327D8
			  000327DC  000327E0  000327EC  000327F0
			  000327F4  000327F8  00032808  00032818
			  00032828  00032830  00032840  00032848
			  00032858  00032860  00032870  00032878
			  00032888  00032890  000328A0  000328A8
			  00183790  000328D8  000328E8  000328FC
			  00032988  00032994  00032AA0  00032AAC
			  00032AC8  00032AD4  00183794  00183798
			  00032C18  00032C94  00032CA0  00032CAC
			  00032CC0  0018379C  001837A0  00032D60
			  00032D98  00032DAC  00045448  0004544C
			  0004546C  00045500  00045520  0004563C
			  0004565C  00045698  000456B8  001837A4
			  00045AC4  00045B60  00045B7C  00046EE4
			  00049420  00049430  00049450  00049468

Analyze Image                                15-OCT-2002 11:15:18.95   Page 32
LSL$LITES2_ROOT:[EXE]LITES2MOTIF.EXE;3
ANALYZ V07-04

			  00049528  00049550  00049578  0004975C
			  00049760  0004A6EC  0004A718  0004A808
			  0004A82C  0004A868  0004A894  0004A8B4
			  0004A900  0004A93C  0004A968  0004D334
			  0004D394  00183858  0018385C  000C8F58
			  000C8F78  000C90B0  000C9100  000C9114
			  000C9238  000C9240  000C9270  000C9278
			  000C9C2C  000C9C34  000C9C50  000C9C6C
			  000C9D64  000CB240  000CCF70  000CCF80
			  000CCFA8  000CCFD0  000CE12C  000CE75C
			  000CEF8C  000CEFAC  000CF248  000CF258
			  000CF29C  000CF2AC  000CFD80  000CFD90
			  000D00F0  000D01D4  000D01EC  000D11B4
			  000D1220  000D1238  000D127C  000D128C
			  000D2528  000D2538  000D254C  000D255C
			  000D2574  000D2584  000D25CC  000D25DC
			  000D25E8  000D25F8  000D2608  000D2618
			  000D2B18  000D2B28  000D2B50  000D2B68
			  000D2B80  000D2B94  000D2E2C  000D3BFC
			  000D56B4  000D56DC  000D5704  000D572C
			  000D5754  000D577C  000D6BA0  000D6F18
			  000D6F28  000D7328  000D7378  000D73A4
			  000D73B8  000D8E58  000D8E7C  000D8EA8
			  000D93C8  000D93D8  000D953C  000D9594
			  000D9620  000D9848  000D9864  000D9A90
			  000D9AF8  000DB598  000DB5A8  000DC07C
			  000DC118  000DC12C  000DD4B8  000DD4D4
			  000DD4EC  000DD500  000DD554  000DDB7C
			  000DE460  000DE4D0  000DE4DC  000DE4E0
			  000DE4E8  000DE4EC  000DE4F4  000DE4F8
			  000DE500  000DE504  000DE50C  000DE510
			  000DE518  000DE51C  001838C4  000DE620
			  000DE630  000DE6CC  000DE704  000DF428
			  000DF438  000DF44C  000DF488  000DF4E0
			  000DF4F0  000DF504  000DF540  000E04DC
			  000E04F8  000E0514  000E0540  000E0770
			  000E077C  000E08BC  000E091C  000E0938
			  000E0954  000E0980  000E2B94  000E2BBC
			  000E2BE0  000E2BF4  000E2BFC  000E2C20
			  000E36F4  000E3710  000E3730  000E374C
			  000E3E94  000E409C  000E40B0  000E40C8
			  000E4AF4  000E4B10  000E517C  000E518C
			  000E5198  000E51C0  000E51E4  000E51F0
			  000E5210  000E5224  000EA474  000EA490
			  000EA4B4  000EA560  000EA580  000EA5A0
			  000EA730  000EA740  000EA8A4  000EA8DC
			  000EAA08  000EAB00  000EAC50  000EACC0
			  000EACCC  000EACD0  000EACE0  000EB390
			  000EC52C  000ECC14  000ECC18  000ECC24
			  000ECC30  000ECC34  000ECC40  001838E4
			  001838E8  001838EC  001838F0  001838F4
			  001838F8  001838FC  00183900  00183904
			  00183908  0018390C  00183910  00183914
			  000ECC80  000ECF88  000ED39C  000F0ECC
			  000F0F14  000F1200  000F122C  000F12B4

Analyze Image                                15-OCT-2002 11:15:19.04   Page 33
LSL$LITES2_ROOT:[EXE]LITES2MOTIF.EXE;3
ANALYZ V07-04

			  000F12D8  000F130C  000F1348  000F1370
			  000F13AC  000F13E0  000F1A74  000F1B1C
			  000F1B44  000F1B6C  000F1B94  000F1BBC
			  000F2830  000F29A0  000F29E8  000F2A00
			  000F2B90  000F31FC  000F3400  000F3494
			  000F350C  000F367C  000F37B0  000F3944
			  000F395C  000F3984  000F4568  000F4680
			  000F511C  000F5134  000F514C  000F5164
			  000F5180  000F51C0  000F51E0  000F56CC
			  000F5AD8  000F5B00  000F5B18  000F5B64
			  000F5B80  000F5B90  000F5DA4  00183918
			  000F62B4  000F62C4  000F62EC  000F630C
			  000F6324  000F6340  000F63B0  000F7DF4
			  000F8360  000F83A0  000F86F4  000F8E2C
			  000F8E44  000F8E5C  000F9D6C  000F9D70
			  000F9D90  000FA09C  000FA0E4  000FA118
			  000FA134  000FA1A4  000FA1CC  000FA204
			  000FA214  000FA23C  000FA71C  000FA750
			  000FA768  000FB2B4  000FB2FC  000FB330
			  000FB3B0  000FB850  000FC290  000FC2B4
			  000FC374  000FC398  000FC3C0  000FC3D8
			  000FC424  000FC44C  000FEC08  001008EC
			  00100900  00100A5C  00100F30  00100F40
			  00100F50  00100F78  001016CC  0010183C
			  0010186C  001018A4  001018EC  00101928
			  00101934  00101A24  00101A34  00101C10
			  00101C24  00101C38  00101C4C  00101C54
			  00101C60  00101C90  00101F50  00101F64
			  00101FDC  00102024  0010206C  001020C0
			  00102108  00102128  0010214C  001021BC

		22 references to image 8:
			  001837D8  0018388C  00183890  00183894
			  00183898  001838A4  001838A8  001838AC
			  001838B0  0018391C  00183920  00183924
			  00183928  0018392C  000FAAA0  000FAAA4
			  000FAAA8  000FAAAC  000FAAB0  000FAAB4
			  000FAAB8  000FAABC

		12 references to image 11:
			  00183828  0018382C  00183830  00183834
			  00183838  0018383C  00183840  00183844
			  00183848  0018384C  00183850  00183854

		3 references to image 13:
			  000FFBDC  000FFBE0  000FFC20

		1 reference to image 16:
			  00183860

	Protection Change Fixups (relative to %X'00000200')

		address: %X'00182C00', page count: 15
		protection: PRT$C_UREW




Analyze Image                                15-OCT-2002 11:15:19.11   Page 34
LSL$LITES2_ROOT:[EXE]LITES2MOTIF.EXE;3
ANALYZ V07-04

The analysis uncovered NO errors.


ANAL/IM/FIXUP/OUT=LITES2MOTIF_ANL.LIS EXE:LITES2MOTIF                           
