
Directory LSL$PUBLIC_ROOT:[PLOTTING.EXE]

GKSAEGSHR.EXE;9          71/72      29-OCT-1992 14:40:20.29
GKSBEN3000SHR.EXE;6
                        129/129     10-AUG-1992 13:39:04.25
GKSBENMETSHR.EXE;1       75/75      22-JUL-1992 12:49:15.52
GKSBENOFF3000SHR.EXE;10
                        136/138     10-AUG-1992 13:42:52.65
GKSCAL5800SHR.EXE;9
                        140/141     16-DEC-1992 11:15:48.90
GKSFERSHR.EXE;4          56/57       6-MAR-1992 11:09:57.89
GKSGERBSHR.EXE;5         55/57       7-APR-1992 15:15:36.18
GKSHCBSSHR.EXE;5         52/54       7-APR-1992 15:16:14.35
GKSHPGL2SHR.EXE;1        90/90      10-AUG-1992 12:18:12.75
GKSHPSHR.EXE;5           49/51       7-APR-1992 15:16:49.13
GKSKERNGP1SHR.EXE;5
                         74/75       7-APR-1992 15:17:49.51
GKSKONGSHR.EXE;6         53/54       7-APR-1992 15:37:58.49
GKSLPSHR.EXE;5           64/66       7-APR-1992 15:18:33.32
GKSMOTIFSHR.EXE;10      146/147      2-AUG-1993 12:13:13.47
GKSPI448SHR.EXE;6       117/117     21-JAN-1993 12:31:43.11
GKSPOSTSCRIPTSHR.EXE;10
                        146/147      6-AUG-1993 12:18:19.55
GKSPRIMSHR.EXE;6         51/51      10-AUG-1992 13:36:30.12
GKSSIG6000SHR.EXE;4
                         97/99       7-APR-1992 15:27:00.22
GKSTEK_ARGSSHR.EXE;5
                         99/99       7-APR-1992 15:27:41.81
GKSUISSHR.EXE;7          89/90      10-AUG-1992 15:03:05.02
GKSVERSSHR.EXE;5         50/51       7-APR-1992 15:28:57.71
GKSVRSC2V1SHR.EXE;6
                        301/303     10-AUG-1992 13:46:17.53
GKSVRSVGSSHR.EXE;6     1164/1164    10-AUG-1992 13:47:31.80
GKSWILDSHR.EXE;6         53/54      15-DEC-1992 11:53:26.35
GKSXYNETICSSHR.EXE;5
                         57/57       7-APR-1992 15:33:37.45

Total of 25 files, 3414/3438 blocks.
