FPP versions

Version FPPzzz	GKSxxxSHR	HCBSyyy		Output device(s)
		(LD - GKSLDLIB)

AEG		AEG				AEG flatbed
BEN		HCBS (LD)	BEN		LSL Benson pen
BEN1600		HCBS (LD)	BEN1600		Customer Benson pen
BEN3000		BEN3000				Online Benson electrostatic
BENMET		BENMET				Special Benson electrostatic
BENOFF3000	BENOFF3000			Offline Benson electrostatic
CAL5800		CAL5800				Calcomp electrostatic
CAL907		HCBS (LD)	CAL907		Calcomp pen
CAL925		HCBS (LD)	CAL925		Calcomp offline magtape
CALAIDU		HCBS (LD)	CALAIDU		Calcomp pen special
CALGEOG		HCBS (LD)	CALGEOG		Calcomp pen special
FER		FER				Ferranti flatbed
GERB		GERB (LD)			USGS Gerber
GWS - no longer used.
HCBS		HCBS (LD) user defined, CAL906 QUEST Other Calcomp lookalikes
HP		HP (LD)				Hewlett Packard pen (HPGL)
HPGL2		HPGL2				Hewlett Packard (HPGL2)
HRD		not shareable (LD)		Laser-Scan HRD/Lasertrak
HRD_NOHIACC	not shareable (LD)		ditto - testing version
KERNGP1		KERNGP1 (LD)			KERN GP1 flatbed
KONG		KONG (LD)			USGS Kongsberg
LP		LP (LD)				Laserplot
LVU - LaserView. Trial version.
LWS - LaserPlot workstation (i.e. DASHEX) - a law unto itself
MOTIF		MOTIF				X-windows screen
MP  - Microfilm Laser Plotter (MLP). Only ever used once.
PI448		PI448				Precision Image electrostatic
PRIM		PRIM				PRIM2RASTER stroke IFF file
PS		POSTSCRIPT			PostScript
SIG6000		SIG6000				Sigmex 6000 series screen
TEK_ARGS	TEK_ARGS			Tektronix 4014/Sigmex ARGS
UIS		UIS				VAXstation screen
VERS		VERS (LD)			USGS Versatec
VRSC2V1		VRSC2V1				Versatec electrostatic (COL2V1)
VRSVGS		VRSVGS				Versatec electrostatic (VGS)
WILD		WILD (LD)			Wild TA2 flatbed
XYNETICS	XYNETICS (LD)			Xynetics pen
-------------------------------------------------------------------------------
37 (32 public)	25		8
