
                                                                 6-Aug-1997 09:37:23	VAX FORTRAN V5.9-173                Page   1
                                                                 6-Aug-1997 09:37:23	[DTMCONVERT.NTF2DTI.SPECIAL]NTF2DTI.FOR;9   

00001   	PROGRAM NTF2DTI
00002   C
00003   C
00004   C 	Copyright Laser-Scan Ltd, Cambridge, England
00005   C
00006   C 	Author					IM	 6-Apr-1988
00007   C
00008   C A program to convert raster data from NTF level 0, 4 or 5 to DTI format.
00009   C
00010   C Version 1.0 has level 0 or 4, fixed length records
00011   C Version 1.1 has level 4, variable length records (OS specific)
00012   C Version 2.0 has level 5, variable length records
00013   c
00014   CMOD						JB	21-Oct-1991
00015   C	Prevent NTF2DTI setting exit status to ABORT when OK
00016   C
00017   CMOD1119					JB	24-May-1992
00018   C	Read Version 1.1 NTF data:
00019   C
00020   CMOD1149					JB	13-Sep-1992
00021   C	Restore the reading of v1.1 NTF data on disc
00022   C
00023   CMOD						JMC	17-Dec-1992
00024   C	Initialise variables MULTIVOLUME  and  VOLCOUNT
00025   C
00026   CMOD1213					JB	30-Mar-1993
00027   C	Use the correct record length for variable length records
00028   C	on disc (as well on tape).
00029   C	Do not exit on encountering some rubbish data records in 
00030   C	unnecessary or non-standard fields, but continue to try to
00031   C	process the data if possible.
00032   C	Write all output files to LSL$DTI:.
00033   C
00034   CMOD1242					JB	21-Jun-1993
00035   C	Read Version 2.0 NTF data
00036   C
00037   C
00038   	IMPLICIT NONE
00039   C
00040   C Messages:
00041   	INCLUDE	'LSL$CMNLSL:LSLLIBMSG.PAR'
00314   	INCLUDE	'HERE:NTF2DTIMSG.PAR'
00419   C
00420   C Commons:
00421   	INCLUDE	'HERE:COMMANDS.CMN'
00440   	INCLUDE	'HERE:NTF2DTI.CMN'
00470   C
00471   C Functions:
00472   	LOGICAL		CMDLIN		! Read & decode command line
00473   	LOGICAL		OPEN_LOG	! Create log (/OUTPUT) file
00474   	LOGICAL		OPEN_NTF	! Open NTF input dataset
00475   	LOGICAL		READ_NTF	! Read and process the NTF data
00476   C
00477   C Workspace:
00478   	INTEGER		OK		! Function return
00479   	LOGICAL		NTFLUNOP	! NTF dataset open?
00480   	LOGICAL		LOGLUNOP	! /OUTPUT file open?

NTF2DTI                                                          6-Aug-1997 09:37:23	VAX FORTRAN V5.9-173                Page   2
                                                                 6-Aug-1997 09:37:23	[DTMCONVERT.NTF2DTI.SPECIAL]NTF2DTI.FOR;9   

00481   C
00482   C .....................................................................
00483   C Initialise LSLLIB and DTILIB
00484   C
00485   	CALL LSL_INIT
00486   	CALL DTI_INIT
00487   C
00488   C Note that we haven't opened any files yet
00489   C
00490   	VOLCOUNT=1
00491   	MULTIVOLUME=.FALSE.
00492   	NTFLUNOP=.FALSE.
00493   	LOGLUNOP=.FALSE.
00494   C
00495   C  ....................................................................
00496   C Read the command line
00497   C
00498   	OK=CMDLIN()
00499   	IF (.NOT.OK) GOTO 999
00500   C
00501   C  ....................................................................
00502   C If OUTPUT was specified open the log file & write header
00503   C
00504   	IF (OUTPUT) THEN
00505   	   OK=OPEN_LOG()
00506   	   IF (.NOT.OK) GOTO 999
00507   	   LOGLUNOP=.TRUE.		! file is now open
00508   	ENDIF
00509   C
00510   C ...................................................................
00511   C Open up the NTF file for read
00512   C
00513   	OK=OPEN_NTF()
00514   	IF (.NOT.OK) GOTO 999
00515   C
00516   	NTFLUNOP=.TRUE.			! file is now open
00517   C
00518   C  ....................................................................
00519   C And read through the NTF file, producing DTI files
00520   C
00521   	OK = READ_NTF()
00522   C
00523   C  ....................................................................
00524   C Rejoin errors and exit
00525   C 
00526   999	IF (LOGLUNOP) CALL CLOSE_LOG
00527   	IF (NTFLUNOP) CALL CLOSE_NTF
00528   C
00529   C If OK was .TRUE. or .FALSE., change it to a proper message code
00530   C
00531   	IF (OK) THEN
00532   	   OK = NTF2DTI__NORMAL
00533   	ELSE
00534   	   OK = NTF2DTI__ABORT
00535   	ENDIF
00536   C
00537   C And exit with the success/error status from earlier

NTF2DTI                                                          6-Aug-1997 09:37:23	VAX FORTRAN V5.9-173                Page   3
                                                                 6-Aug-1997 09:37:23	[DTMCONVERT.NTF2DTI.SPECIAL]NTF2DTI.FOR;9   

00538   C
00539   	CALL LSL_EXIT(OK)
00540   	END




PROGRAM SECTIONS

    Name				 Bytes   Attributes

  0 $CODE                                  163   PIC CON REL LCL   SHR   EXE   RD NOWRT QUAD
  2 $LOCAL                                  76   PIC CON REL LCL NOSHR NOEXE   RD   WRT QUAD
  3 COMMANDS                                40   PIC OVR REL GBL   SHR NOEXE   RD   WRT QUAD
  4 NTF2DTI                                 16   PIC OVR REL GBL   SHR NOEXE   RD   WRT QUAD

    Total Space Allocated                  295


ENTRY POINTS

    Address  Type  Name          

  0-00000000       NTF2DTI       


VARIABLES

    Address  Type  Name              Address  Type  Name              Address  Type  Name              Address  Type  Name          

  4-00000004  I*4  COUNT_SECTION   3-00000018  L*4  DEDUCE_FILE     3-00000024  L*4  DTIOPEN         3-0000001C  L*4  IS_MAGTAPE    
  3-00000010  L*4  IS_OS           3-00000020  L*4  IS_TERM         3-00000000  L*4  LOG             2-00000020  L*4  LOGLUNOP      
  4-00000008  L*4  MULTIVOLUME     2-0000001C  L*4  NTFLUNOP        2-00000018  I*4  OK              3-00000004  L*4  OUTPUT        
  3-00000008  L*4  PROJECT         3-00000014  L*4  REWIND          3-0000000C  L*4  SECT            4-00000000  I*4  SECTION       
  4-0000000C  I*4  VOLCOUNT      


ARRAYS

    Address  Type  Name                Bytes  Dimensions

  2-00000000  CHAR NTF_RECORDS            22  (11)




LABELS

    Address   Label   

  0-0000006E  999     

NTF2DTI                                                          6-Aug-1997 09:37:23	VAX FORTRAN V5.9-173                Page   4
01                                                               6-Aug-1997 09:37:23	[DTMCONVERT.NTF2DTI.SPECIAL]NTF2DTI.FOR;9   

FUNCTIONS AND SUBROUTINES REFERENCED

  Type  Name            Type  Name            Type  Name            Type  Name            Type  Name            Type  Name          

        CLOSE_LOG             CLOSE_NTF        L*4  CMDLIN                DTI_INIT              LSL_EXIT              LSL_INIT      
   L*4  OPEN_LOG         L*4  OPEN_NTF         L*4  READ_NTF      

                                                                 6-Aug-1997 09:37:23	VAX FORTRAN V5.9-173                Page   5
                                                                 6-Aug-1997 09:37:23	[DTMCONVERT.NTF2DTI.SPECIAL]NTF2DTI.FOR;9   

00001   C


COMMAND QUALIFIERS

  FORTRAN/EXTEND/DEBUG/NOOPT/LIST NTF2DTI

  /CHECK=(NOBOUNDS,OVERFLOW,NOUNDERFLOW)
  /DEBUG=(SYMBOLS,TRACEBACK)
  /DESIGN=(NOCOMMENTS,NOPLACEHOLDERS)
  /SHOW=(NODICTIONARY,NOINCLUDE,MAP,NOPREPROCESSOR,SINGLE)
  /STANDARD=(NOSEMANTIC,NOSOURCE_FORM,NOSYNTAX)
  /WARNINGS=(NODECLARATIONS,GENERAL,NOULTRIX,NOVAXELN)
  /CONTINUATIONS=19  /NOCROSS_REFERENCE  /NOD_LINES  /EXTEND_SOURCE
  /F77  /NOG_FLOATING  /I4  /NOMACHINE_CODE  /NOOPTIMIZE  /NOPARALLEL
  /NOANALYSIS_DATA
  /NODIAGNOSTICS
  /LIST=LSL$SOURCE_ROOT:[DTMCONVERT.NTF2DTI.SPECIAL]NTF2DTI.LIS;9                                           
  /OBJECT=LSL$SOURCE_ROOT:[DTMCONVERT.NTF2DTI.SPECIAL]NTF2DTI.OBJ;17                                          


COMPILATION STATISTICS

  Run Time:           0.55 seconds
  Elapsed Time:       0.75 seconds
  Page Faults:        721
  Dynamic Memory:     556 pages
