
                                                                 6-Aug-1997 09:37:43	VAX FORTRAN V5.9-173                Page   1
                                                                 6-Aug-1997 09:37:43	[DTMCONVERT.NTF2DTI.SPECIAL]VOLUME2.FOR;3   

00001   	LOGICAL FUNCTION READ_DBQUAL
00002   C
00003   C
00004   C Copyright (C) Laser-Scan Ltd, Cambridge, England
00005   C
00006   C Author TJ Ibbs, 5 October 1987
00007   C Stolen from NTF2DTI I McLeman 7-Apr-1988
00008   C
00009   C Read the data-base quality records - for information only
00010   C
00011   	IMPLICIT NONE
00012   C
00013   C Message definitions
00014   	INCLUDE	'HERE:NTF2DTIMSG.PAR'
00119   C
00120   C Common files
00121   	INCLUDE	'HERE:COMMANDS.CMN'
00140   	INCLUDE	'HERE:NTFDATA.CMN'
00201   	INCLUDE	'HERE:RECORD.CMN'
00224   C
00225   C Functions
00226   	LOGICAL		READ_CONTINUE
00227   C
00228   C Workspace
00229   	LOGICAL		OK
00230   C
00231   	OK = .TRUE.
00232   C
00233   C At the moment, the record(s) are just reflected to the log file,
00234   C less the record descriptor and continuation flag
00235   C
00236   	IF (.NOT.FIXED) LENGTH = LENGTH - 1		! miss EOR marker
00237   C
00238   	IF (OUTPUT) THEN
00239   	   CALL FLWSTR('Database quality data:')
00240   	   IF (LENGTH.GT.3) CALL FLWRTF('	%S',STRING(3:LENGTH-1))
00241   	ENDIF
00242   C
00243   C If there is a continuation record, read it in, and reflect it as well
00244   C
00245   100	CONTINUE
00246   C
00247   	IF (STRING(LENGTH:LENGTH).EQ.'1') THEN
00248   	   OK = READ_CONTINUE('DBQUAL')
00249   	   IF (.NOT.OK) GOTO 999
00250   C
00251   	   IF (.NOT.FIXED) LENGTH = LENGTH - 1		! miss EOR marker
00252   C
00253   	   IF (OUTPUT .AND. LENGTH.GT.3) 		! something there
00254        &			CALL FLWRTF('	%S',STRING(3:LENGTH-1))
00255   	   GOTO 100
00256   	ENDIF
00257   C
00258   999	READ_DBQUAL = OK
00259   C
00260   	RETURN
00261   	END

READ_DBQUAL                                                      6-Aug-1997 09:37:43	VAX FORTRAN V5.9-173                Page   2
01                                                               6-Aug-1997 09:37:43	[DTMCONVERT.NTF2DTI.SPECIAL]VOLUME2.FOR;3   

PROGRAM SECTIONS

    Name				 Bytes   Attributes

  0 $CODE                                  177   PIC CON REL LCL   SHR   EXE   RD NOWRT QUAD
  1 $PDATA                                  34   PIC CON REL LCL   SHR NOEXE   RD NOWRT QUAD
  2 $LOCAL                                 116   PIC CON REL LCL NOSHR NOEXE   RD   WRT QUAD
  3 COMMANDS                                40   PIC OVR REL GBL   SHR NOEXE   RD   WRT QUAD
  4 NTFDATA                                 16   PIC OVR REL GBL   SHR NOEXE   RD   WRT QUAD
  5 DTIDATA                                128   PIC OVR REL GBL   SHR NOEXE   RD   WRT QUAD
  6 RECORD1                                 86   PIC OVR REL GBL   SHR NOEXE   RD   WRT QUAD
  7 RECORD2                                  9   PIC OVR REL GBL   SHR NOEXE   RD   WRT QUAD

    Total Space Allocated                  606


ENTRY POINTS

    Address  Type  Name          

  0-00000000  L*4  READ_DBQUAL   


VARIABLES

    Address  Type  Name                                               Address  Type  Name                            

  5-0000005C  I*4  COL_END                                          5-00000068  I*4  COL_INV                         
  5-00000058  I*4  COL_START                                        3-00000018  L*4  DEDUCE_FILE                     
  3-00000024  L*4  DTIOPEN                                          7-00000008  CHAR EOR_MARKER                      
  5-00000078  I*4  FIELD_WIDTH                                      4-0000000C  L*4  FIXED                           
  5-00000074  I*4  INTERPRET                                        4-00000004  I*4  INTVER                          
  3-0000001C  L*4  IS_MAGTAPE                                       3-00000010  L*4  IS_OS                           
  3-00000020  L*4  IS_TERM                                          7-00000004  I*4  LENGTH                          
  4-00000000  I*4  LEVEL                                            3-00000000  L*4  LOG                             
  6-00000054  CHAR NTF$_REC_DESCR                                   5-0000007C  I*4  NUM_FIELD                       
  5-0000002C  I*4  N_COLUMNS                                        5-00000028  I*4  N_ROWS                          
  2-00000018  L*4  OK                                               5-00000070  I*4  ORDER                           
  3-00000004  L*4  OUTPUT                                           3-00000008  L*4  PROJECT                         
  7-00000000  I*4  RECNUM                                           3-00000014  L*4  REWIND                          
  5-00000064  I*4  ROW_END                                          5-0000006C  I*4  ROW_INV                         
  5-00000060  I*4  ROW_START                                        3-0000000C  L*4  SECT                            
  6-00000000  CHAR STRING                                           6-00000050  I*4  STR_LEN                         
  4-00000008  R*4  VERSION                                          5-00000014  I*4  XMAX                            
  5-00000010  I*4  XMIN                                             5-00000000  I*4  XYLEN                           
  5-00000008  R*4  XY_MULT                                          5-00000004  I*4  XY_UNIT                         
  5-00000030  R*4  X_ORIG                                           5-00000020  I*4  X_SAMP                          
  5-0000001C  I*4  YMAX                                             5-00000018  I*4  YMIN                            
  5-00000034  R*4  Y_ORIG                                           5-00000024  I*4  Y_SAMP                          
  5-0000000C  R*4  Z_MULT                                         

READ_DBQUAL                                                      6-Aug-1997 09:37:43	VAX FORTRAN V5.9-173                Page   3
01                                                               6-Aug-1997 09:37:43	[DTMCONVERT.NTF2DTI.SPECIAL]VOLUME2.FOR;3   

ARRAYS

    Address  Type  Name                                  Bytes  Dimensions

  2-0000000C  CHAR STD_ATTR_CODES                            6  (3)
  2-00000000  I*4  STD_ATTR_LEN                             12  (3)
  5-00000038  R*4  X_COORD                                  16  (4)
  5-00000048  R*4  Y_COORD                                  16  (4)




LABELS

    Address   Label       Address   Label   

  0-0000004D  100       0-000000A8  999     


FUNCTIONS AND SUBROUTINES REFERENCED

  Type  Name            Type  Name            Type  Name          

        FLWRTF                FLWSTR           L*4  READ_CONTINUE 

                                                                 6-Aug-1997 09:37:43	VAX FORTRAN V5.9-173                Page   4
                                                                 6-Aug-1997 09:37:43	[DTMCONVERT.NTF2DTI.SPECIAL]VOLUME2.FOR;3   

00001   C
00002    
00003   	LOGICAL FUNCTION READ_DBHREC
00004   C
00005   C
00006   C Copyright (C) Laser-Scan Ltd, Cambridge, England
00007   C
00008   C Author TJ Ibbs, 13 October 1987
00009   C
00010   C Read the data-base header records - for information only
00011   C
00012   	IMPLICIT NONE
00013   C
00014   C Message definitions
00015   C
00016   	INCLUDE	'HERE:NTF2DTIMSG.PAR'
00121   C
00122   C Common files
00123   	INCLUDE	'HERE:COMMANDS.CMN'
00142   	INCLUDE	'HERE:NTFDATA.CMN'
00203   	INCLUDE	'HERE:RECORD.CMN'
00226   C
00227   C Functions
00228   	LOGICAL		READ_CONTINUE
00229   C
00230   C Workspace
00231   	LOGICAL		OK
00232   C
00233   	OK = .TRUE.
00234   C
00235   C At the moment, the record(s) are just reflected to the log file
00236   C Same format in level 4 and 5 for fixed format sections output
00237   C
00238   	IF (OUTPUT) THEN
00239   	   CALL FLWSTR('Database header data:')
00240   	   CALL FLWRTF('	Database name         "%S"',STRING(3:22))
00241   	   CALL FLWRTF('	Data dictionary       "%S"',STRING(23:42))
00242   	   CALL FLWRTF('	Database date         "%S" (ie %S/%S/%S)',
00243        &			STRING(43:50),
00244        &			STRING(49:50),STRING(47:48),STRING(43:46))
00245   	ENDIF
00246   C
00247   C This is followed by a continuation record
00248   C
00249   	IF (.NOT.FIXED) LENGTH = LENGTH - 1		! miss EOR marker
00250   C
00251   	IF (STRING(LENGTH:LENGTH).EQ.'1') THEN
00252   	   OK = READ_CONTINUE('DBHREC')
00253   	   IF (.NOT.OK) GOTO 999
00254   C
00255   C Output any continuation lines, less the record descriptor, continuation
00256   C flags and EOR marker
00257   C
00258   	   IF (.NOT.FIXED) LENGTH = LENGTH - 1		! miss EOR marker
00259   C
00260   	   IF (OUTPUT .AND. LENGTH.GT.3)
00261        &		CALL FLWRTF('	%S',STRING(3:LENGTH-1))	! miss cont'n flag

READ_DBHREC                                                      6-Aug-1997 09:37:43	VAX FORTRAN V5.9-173                Page   5
                                                                 6-Aug-1997 09:37:43	[DTMCONVERT.NTF2DTI.SPECIAL]VOLUME2.FOR;3   

00262   	   GOTO 999
00263   C
00264   	ELSE
00265   	   CALL LSL_PUTMSG(NTF2DTI__NOTCONTINUE,'DBHREC',RECNUM)
00266   	   OK = .FALSE.
00267   	   GOTO 999
00268   	ENDIF
00269   C
00270   C	IF (OUTPUT) THEN
00271   C	   CALL FLWRTF('	Classification scheme "%S"',STRING(3:22))
00272   C	   CALL FLWRTF('	Classification date   "%S" (ie %S/%S/%S)',
00273   C     &			STRING(23:30),
00274   C     &			STRING(29:30),STRING(27:28),STRING(23:26))
00275   C	   CALL FLWRTF('	Data quality report   "%S"',STRING(31:50))
00276   C	   CALL FLWRTF('	Data quality date     "%S" (ie %S/%S/%S)',
00277   C     &			STRING(51:58),
00278   C     &			STRING(57:58),STRING(55:56),STRING(51:54))
00279   C	ENDIF
00280   C
00281   999	READ_DBHREC = OK
00282   C
00283   	RETURN
00284   	END




PROGRAM SECTIONS

    Name				 Bytes   Attributes

  0 $CODE                                  229   PIC CON REL LCL   SHR   EXE   RD NOWRT QUAD
  1 $PDATA                                 135   PIC CON REL LCL   SHR NOEXE   RD NOWRT QUAD
  2 $LOCAL                                 232   PIC CON REL LCL NOSHR NOEXE   RD   WRT QUAD
  3 COMMANDS                                40   PIC OVR REL GBL   SHR NOEXE   RD   WRT QUAD
  4 NTFDATA                                 16   PIC OVR REL GBL   SHR NOEXE   RD   WRT QUAD
  5 DTIDATA                                128   PIC OVR REL GBL   SHR NOEXE   RD   WRT QUAD
  6 RECORD1                                 86   PIC OVR REL GBL   SHR NOEXE   RD   WRT QUAD
  7 RECORD2                                  9   PIC OVR REL GBL   SHR NOEXE   RD   WRT QUAD

    Total Space Allocated                  875


ENTRY POINTS

    Address  Type  Name          

  0-00000000  L*4  READ_DBHREC   


VARIABLES

    Address  Type  Name                                               Address  Type  Name                            

  5-0000005C  I*4  COL_END                                          5-00000068  I*4  COL_INV                         
  5-00000058  I*4  COL_START                                        3-00000018  L*4  DEDUCE_FILE                     
  3-00000024  L*4  DTIOPEN                                          7-00000008  CHAR EOR_MARKER                      

READ_DBHREC                                                      6-Aug-1997 09:37:43	VAX FORTRAN V5.9-173                Page   6
01                                                               6-Aug-1997 09:37:43	[DTMCONVERT.NTF2DTI.SPECIAL]VOLUME2.FOR;3   

  5-00000078  I*4  FIELD_WIDTH                                      4-0000000C  L*4  FIXED                           
  5-00000074  I*4  INTERPRET                                        4-00000004  I*4  INTVER                          
  3-0000001C  L*4  IS_MAGTAPE                                       3-00000010  L*4  IS_OS                           
  3-00000020  L*4  IS_TERM                                          7-00000004  I*4  LENGTH                          
  4-00000000  I*4  LEVEL                                            3-00000000  L*4  LOG                             
  6-00000054  CHAR NTF$_REC_DESCR                                   5-0000007C  I*4  NUM_FIELD                       
  5-0000002C  I*4  N_COLUMNS                                        5-00000028  I*4  N_ROWS                          
  2-00000018  L*4  OK                                               5-00000070  I*4  ORDER                           
  3-00000004  L*4  OUTPUT                                           3-00000008  L*4  PROJECT                         
  7-00000000  I*4  RECNUM                                           3-00000014  L*4  REWIND                          
  5-00000064  I*4  ROW_END                                          5-0000006C  I*4  ROW_INV                         
  5-00000060  I*4  ROW_START                                        3-0000000C  L*4  SECT                            
  6-00000000  CHAR STRING                                           6-00000050  I*4  STR_LEN                         
  4-00000008  R*4  VERSION                                          5-00000014  I*4  XMAX                            
  5-00000010  I*4  XMIN                                             5-00000000  I*4  XYLEN                           
  5-00000008  R*4  XY_MULT                                          5-00000004  I*4  XY_UNIT                         
  5-00000030  R*4  X_ORIG                                           5-00000020  I*4  X_SAMP                          
  5-0000001C  I*4  YMAX                                             5-00000018  I*4  YMIN                            
  5-00000034  R*4  Y_ORIG                                           5-00000024  I*4  Y_SAMP                          
  5-0000000C  R*4  Z_MULT                                         


ARRAYS

    Address  Type  Name                                  Bytes  Dimensions

  2-0000000C  CHAR STD_ATTR_CODES                            6  (3)
  2-00000000  I*4  STD_ATTR_LEN                             12  (3)
  5-00000038  R*4  X_COORD                                  16  (4)
  5-00000048  R*4  Y_COORD                                  16  (4)




LABELS

    Address   Label   

  0-000000DC  999     


FUNCTIONS AND SUBROUTINES REFERENCED

  Type  Name            Type  Name            Type  Name            Type  Name          

        FLWRTF                FLWSTR                LSL_PUTMSG       L*4  READ_CONTINUE 

                                                                 6-Aug-1997 09:37:43	VAX FORTRAN V5.9-173                Page   7
                                                                 6-Aug-1997 09:37:43	[DTMCONVERT.NTF2DTI.SPECIAL]VOLUME2.FOR;3   

00001   C
00002    
00003   	LOGICAL FUNCTION READ_FEATCLASS
00004   C
00005   C
00006   C Copyright (C) Laser-Scan Ltd, Cambridge, England
00007   C
00008   C Author TJ Ibbs, 13 October 1987
00009   C
00010   C Read the feature classification records - for information only
00011   C
00012   	IMPLICIT NONE
00013   C
00014   C Message definitions
00015   	INCLUDE	'HERE:NTF2DTIMSG.PAR'
00120   C
00121   C Common files
00122   	INCLUDE	'HERE:COMMANDS.CMN'
00141   	INCLUDE	'HERE:RECORD.CMN'
00164   	INCLUDE	'HERE:NTFDATA.CMN'
00225   C
00226   C Functions
00227   	LOGICAL		READ_CONTINUE
00228   C
00229   C Workspace
00230   	LOGICAL		OK
00231   C
00232   	OK = .TRUE.
00233   C
00234   C At the moment, the record(s) are just reflected to the log file
00235   C
00236   	IF (.NOT.OUTPUT) GOTO 999
00237   C
00238   	CALL FLWSTR('Feature classification data:')
00239   C
00240   C The layout of the fields is as follows:
00241   C		     	1234  123456789_  123456789_123456789_  ...
00242   C
00243   	CALL FLWSTR('	  FC  Comparison  Standard code         Description')
00244   C
00245   C The standard is unclear on how this next works, but we will assume
00246   C that this is a record which may be continued multiple times
00247   C
00248   	IF (.NOT.FIXED) LENGTH = LENGTH - 1
00249   C
00250   1000	CALL FLWRTF('	%S4  %S10  %S20  %S',
00251        &		    STRING(3:6),STRING(7:16),STRING(17:36),
00252        &					     STRING(37:LENGTH-1))
00253   C
00254   C This may be followed by a continuation record
00255   C
00256   	IF (STRING(LENGTH:LENGTH).EQ.'1') THEN
00257   	   OK = READ_CONTINUE('FEATCLASS')
00258   	   IF (.NOT.OK) GOTO 999
00259   C
00260   	   IF (.NOT.FIXED) LENGTH = LENGTH - 1
00261   	   GOTO 1000

READ_FEATCLASS                                                   6-Aug-1997 09:37:43	VAX FORTRAN V5.9-173                Page   8
                                                                 6-Aug-1997 09:37:43	[DTMCONVERT.NTF2DTI.SPECIAL]VOLUME2.FOR;3   

00262   	ENDIF
00263   C
00264   999	READ_FEATCLASS = OK
00265   C
00266   	RETURN
00267   	END




PROGRAM SECTIONS

    Name				 Bytes   Attributes

  0 $CODE                                  159   PIC CON REL LCL   SHR   EXE   RD NOWRT QUAD
  1 $PDATA                                 113   PIC CON REL LCL   SHR NOEXE   RD NOWRT QUAD
  2 $LOCAL                                 140   PIC CON REL LCL NOSHR NOEXE   RD   WRT QUAD
  3 COMMANDS                                40   PIC OVR REL GBL   SHR NOEXE   RD   WRT QUAD
  4 RECORD1                                 86   PIC OVR REL GBL   SHR NOEXE   RD   WRT QUAD
  5 RECORD2                                  9   PIC OVR REL GBL   SHR NOEXE   RD   WRT QUAD
  6 NTFDATA                                 16   PIC OVR REL GBL   SHR NOEXE   RD   WRT QUAD
  7 DTIDATA                                128   PIC OVR REL GBL   SHR NOEXE   RD   WRT QUAD

    Total Space Allocated                  691


ENTRY POINTS

    Address  Type  Name                            

  0-00000000  L*4  READ_FEATCLASS                  


VARIABLES

    Address  Type  Name                                               Address  Type  Name                            

  7-0000005C  I*4  COL_END                                          7-00000068  I*4  COL_INV                         
  7-00000058  I*4  COL_START                                        3-00000018  L*4  DEDUCE_FILE                     
  3-00000024  L*4  DTIOPEN                                          5-00000008  CHAR EOR_MARKER                      
  7-00000078  I*4  FIELD_WIDTH                                      6-0000000C  L*4  FIXED                           
  7-00000074  I*4  INTERPRET                                        6-00000004  I*4  INTVER                          
  3-0000001C  L*4  IS_MAGTAPE                                       3-00000010  L*4  IS_OS                           
  3-00000020  L*4  IS_TERM                                          5-00000004  I*4  LENGTH                          
  6-00000000  I*4  LEVEL                                            3-00000000  L*4  LOG                             
  4-00000054  CHAR NTF$_REC_DESCR                                   7-0000007C  I*4  NUM_FIELD                       
  7-0000002C  I*4  N_COLUMNS                                        7-00000028  I*4  N_ROWS                          
  2-00000018  L*4  OK                                               7-00000070  I*4  ORDER                           
  3-00000004  L*4  OUTPUT                                           3-00000008  L*4  PROJECT                         
  5-00000000  I*4  RECNUM                                           3-00000014  L*4  REWIND                          
  7-00000064  I*4  ROW_END                                          7-0000006C  I*4  ROW_INV                         
  7-00000060  I*4  ROW_START                                        3-0000000C  L*4  SECT                            
  4-00000000  CHAR STRING                                           4-00000050  I*4  STR_LEN                         
  6-00000008  R*4  VERSION                                          7-00000014  I*4  XMAX                            
  7-00000010  I*4  XMIN                                             7-00000000  I*4  XYLEN                           
  7-00000008  R*4  XY_MULT                                          7-00000004  I*4  XY_UNIT                         
  7-00000030  R*4  X_ORIG                                           7-00000020  I*4  X_SAMP                          

READ_FEATCLASS                                                   6-Aug-1997 09:37:43	VAX FORTRAN V5.9-173                Page   9
01                                                               6-Aug-1997 09:37:43	[DTMCONVERT.NTF2DTI.SPECIAL]VOLUME2.FOR;3   

  7-0000001C  I*4  YMAX                                             7-00000018  I*4  YMIN                            
  7-00000034  R*4  Y_ORIG                                           7-00000024  I*4  Y_SAMP                          
  7-0000000C  R*4  Z_MULT                                         


ARRAYS

    Address  Type  Name                                  Bytes  Dimensions

  2-0000000C  CHAR STD_ATTR_CODES                            6  (3)
  2-00000000  I*4  STD_ATTR_LEN                             12  (3)
  7-00000038  R*4  X_COORD                                  16  (4)
  7-00000048  R*4  Y_COORD                                  16  (4)




LABELS

    Address   Label       Address   Label   

  0-00000096  999       0-00000033  1000    


FUNCTIONS AND SUBROUTINES REFERENCED

  Type  Name            Type  Name            Type  Name          

        FLWRTF                FLWSTR           L*4  READ_CONTINUE 

                                                                 6-Aug-1997 09:37:43	VAX FORTRAN V5.9-173                Page  10
                                                                 6-Aug-1997 09:37:43	[DTMCONVERT.NTF2DTI.SPECIAL]VOLUME2.FOR;3   

00001   C


COMMAND QUALIFIERS

  FORTRAN/EXTEND/DEBUG/NOOPT/LIST VOLUME2

  /CHECK=(NOBOUNDS,OVERFLOW,NOUNDERFLOW)
  /DEBUG=(SYMBOLS,TRACEBACK)
  /DESIGN=(NOCOMMENTS,NOPLACEHOLDERS)
  /SHOW=(NODICTIONARY,NOINCLUDE,MAP,NOPREPROCESSOR,SINGLE)
  /STANDARD=(NOSEMANTIC,NOSOURCE_FORM,NOSYNTAX)
  /WARNINGS=(NODECLARATIONS,GENERAL,NOULTRIX,NOVAXELN)
  /CONTINUATIONS=19  /NOCROSS_REFERENCE  /NOD_LINES  /EXTEND_SOURCE
  /F77  /NOG_FLOATING  /I4  /NOMACHINE_CODE  /NOOPTIMIZE  /NOPARALLEL
  /NOANALYSIS_DATA
  /NODIAGNOSTICS
  /LIST=LSL$SOURCE_ROOT:[DTMCONVERT.NTF2DTI.SPECIAL]VOLUME2.LIS;3                                           
  /OBJECT=LSL$SOURCE_ROOT:[DTMCONVERT.NTF2DTI.SPECIAL]VOLUME2.OBJ;5                                           


COMPILATION STATISTICS

  Run Time:           0.91 seconds
  Elapsed Time:       1.38 seconds
  Page Faults:        677
  Dynamic Memory:     524 pages
