================================ N T F 2 D T I =================================

NTF2DTI invoked by JOHNMC using terminal UNKNOWN at  5-AUG-1997 13:56:28.31     

Command line:

NTF2DTI/LOG/OUT=XXX.LOG LSL$BUREAU_ROOT:[BUREAU.NTF]NH70NED.NTF 

================================================================================

Volume header record:
	Data sent by     "ORDNANCE SURVEY     "
	Data sent to     "                    "
	Date of transfer "19970619" (ie 19/06/1997)
	NTF level          5
	NTF version        2.00
Database header data:
	Database name         "L-F_PROFILE_DTM     "
	Data dictionary       "DEFAULT_02.00       "
	Database date         "19920515" (ie 15/05/1992)
	                    00000000                    0000000000
Section header record:
	Section reference  "NH70NE    "
	Output to DTI file "LSL$DTI:NH70NE.DTI"
	XYlen =  5, XY_unit = 2 (metres)
	XY multiplication =     1.000
	XY origin = 275000.0, 805000.0
	Xmin = 0, Ymin = 0
	Xmax = 5000, Ymax = 5000
