 
Ground -> Image Transformation Parameters :
 
AFFINE TRANSFORMATION
  1)        -1626.43322754
  2)       -10882.38183594
  3)        -7828.76660156
  4)        -2789.61376953
  5)       487260.18750000
  6)        81561.13281250
 
Image -> Ground Transformation Parameters :
 
AFFINE TRANSFORMATION
  1)           -0.00003109
  2)            0.00012127
  3)            0.00008725
  4)           -0.00001812
  5)            5.25659704
  6)           43.98951340

Ground RCP          Residual X  Residual Y
      1 A               -0.002       0.000
      2 B                0.002      -0.000
      3 C                0.002      -0.000
      4 D               -0.002       0.000
RMS Vector error (4 used points) =       0.002

