14-Jan-91  16:59                                     NATIVE.COM                                         Page   1

    1   $       ver:='f$verify(0)'
    2   $       if p1.nes."?" then goto no_queer
    3   $       type sys$input:
    4   Switches in P1 are:
    5   
    6    D - link with debug
    7    L - link only
    8    * - dummy switch so as to enable P2 to appear
    9   
   10   If neither 'active' switch is given, the file both compiles and links.
   11   P2 is the name of the file to compile. If it doesn't contain the string "VAX",
   12    VAX is appended to it (which may even prevent accidental compilation of PDP
   13    BCPL files!)
   14   $       goto tidy_ver
   15   $!
   16   $no_queer: lk_only=0
   17   $       if f$locate("L",p1).lt.f$length(p1) then lk_only=1
   18   $       p1=p1-"L"
   19   $       deb=""
   20   $       if f$locate("D",p1).lt.f$length(p1) then deb="/debug"
   21   $       p1=p1-"D"
   22   $       p1=p1-"*"
   23   $       if p1.nes."" then write sys$output "*** Silly switch values ",p1
   24   $       if p1.nes."" then goto tidy_ver
   25   $       if p2.eqs."ADC" then goto dont_mangle_adc
   26   $       if f$locate("VAX",p2).ge.f$length(p2) then p2=p2+"VAX"
   27   $dont_mangle_adc: if f$logical("bcplrts").nes."" then goto no_assign
   28   $!
   29   $! assign stuff from set-up file
   30   $       write sys$output "$     bcplini"
   31   $       bcplini
   32   $!
   33   $no_assign: on error then goto tidy_ver
   34   $       if lk_only then goto link_it
   35   $       if p2.nes."ADC" then goto not_adc
   36   $       set verify
   37   $       adc adc.hdr=adchdr.bcpl_src/co/ll:120/tr=(vax=1)
   38   $       adc adc.bpl=adc.bcpl_src/co/ll:120/tr=(vax=1)
   39   $       xxx:='f$verify(0)'
   40   $       file_to_pur=""
   41   $       if f$search("adc.ide;-1").nes."" then file_to_pur=file_to_pur+",adc.ide"
   42   $       if f$search("adc.hdr;-1").nes."" then file_to_pur=file_to_pur+",adc.hdr"
   43   $       if f$search("adc.bpl;-1").nes."" then -
   44                                           file_to_pur=file_to_pur+",adc.bpl"
   45   $       file_to_pur=file_to_pur-","
   46   $       if file_to_pur.eqs."" then goto not_adc
   47   $       set verify
   48   $       purge/log 'file_to_pur'
   49   $       xxx:='f$verify(0)'
   50   $not_adc: write sys$output "$   bcpl ",p2
   51   $       define/user     sys$library             here:
   52   $       bcpl 'p2'
   53   $       if p2.eqs."ADC" then write sys$output "$        pvv ADC"
   54   $       if p2.eqs."ADC" then pvv adc
   55   $!
   56   $link_it: set verify
   57   $       link'deb'/map 'p2',bcplrts
   58   $       xxx:='f$verify(0)'
14-Jan-91  16:59                                     NATIVE.COM                                         Page   2

   59   $       if f$search("''p2'.*;-1").eqs."" then goto no_pur_1
   60   $       set verify
   61   $       purge/log 'p2'.*
   62   $no_pur_1: xxx:='f$verify(0)'
   63   $       if f$search("temp.ocd;-1").eqs."" then goto tidy_ver
   64   $       set verify
   65   $       purge/log temp.ocd
   66   $tidy_ver: xxx:='f$verify(0)'
   67   $       if ver then set verify
