$ LCMSQUASH HERE:XGIS_AP_HAR_ANNO HERE:XGIS_AP_HAR_ANNO_SQUASHED
%LCM-W-WARN, Name not declared: UT_SCREEN_HEIGHT
%LCM-W-WARN, Name not declared: I
%LCM-W-WARN, Name not declared: STRING
%LCM-W-WARN, Name not declared: _REAL
%LCM-W-WARN, Name not declared: W
%LCM-W-WARN, Name not declared: Z
%LCM-W-WARN, Name not declared: _INT
%LSLLIB-W-EOF, end of file
%LCM-I-TXT,  
%LCM-I-TXT, ------------------------------------------------------------------
%LCM-I-TXT,                              DIAGNOSTICS
%LCM-I-TXT, ------------------------------------------------------------------
%LCM-I-TXT, The following variable or macro names were not declared.
%LCM-I-TXT, Some may be primary commands used without a %.
%LCM-I-TXT, If the some of the names are present in the lists following this
%LCM-I-TXT,  one, then the names were used prior to declaration.
			I
			STRING
			UT_SCREEN_HEIGHT
			W
			Z
			_INT
			_REAL
%LCM-I-TXT, ------------------------------------------------------------------
%LCM-I-TXT, The following macro names were defined:
			_HA_ANNOTATION
%LCM-I-TXT, ------------------------------------------------------------------
%LCM-I-TXT, The following variable names were declared:
			HA_FH
			HA_FX
			HA_FY
			HA_H
			HA_I
			HA_J
			HA_JMINX
			HA_JMINY
			HA_L
			HA_LFC
			HA_MAXX
			HA_MAXY
			HA_MINX
			HA_MINY
			HA_TX
			HA_TY
			HA_X
			HA_Y
%LCM-I-TXT, ------------------------------------------------------------------
 ELAPSED:    0 00:00:00.84  CPU: 0:00:00.27  BUFIO: 7  DIRIO: 9  FAULTS: 176 
