
Directory LSL$DOC_ROOT:[IMP.REFERENCE]

ICHECK.RNO;59            98/102     22-OCT-1990 17:19:52.05
IDIFFERENCE.RNO;78      141/144     14-JUN-1990 17:16:49.12
IFILTER.RNO;68           88/90      23-AUG-1989 12:37:44.96
IFIXAREA.RNO;32          63/66       4-NOV-1988 09:50:07.12
IFROMTEXT.RNO;72        118/120      1-NOV-1990 15:52:44.75
IINFO.RNO;89             78/78      21-JAN-1991 12:01:19.42
ILAYFC.RNO;49            31/36      15-MAR-1988 14:47:48.03
IMEND.RNO;18             37/42      15-MAR-1988 14:47:06.80
IMERGE.RNO;64           110/114     20-FEB-1990 14:26:33.47
IMP_REF.RNO;53           16/18       7-MAR-1991 14:55:01.86
IMP_REF.RNO;52           16/18      21-FEB-1991 19:43:32.03
INTRODUCTION.RNO;39
                         55/60      22-DEC-1986 17:55:54.59
IPATCH.RNO;53           401/402     31-OCT-1990 11:19:29.72
IRECODE.RNO;49           57/60      15-MAR-1988 14:46:39.89
IRENUMBER.RNO;23         38/42      15-MAR-1988 14:46:35.77
IREPORT.RNO;72           69/72      19-JUN-1990 10:43:19.92
ISELAC.RNO;57           135/138     10-APR-1990 12:50:59.36
ISELECT.RNO;65           45/48      15-MAR-1988 14:46:16.57
ISORT.RNO;54             40/42      15-MAR-1988 14:46:08.41
ISTART.RNO;71           128/132      7-MAR-1991 17:01:55.68
ISTART.RNO;70           128/132     21-FEB-1991 18:52:32.51
ITOTEXT.RNO;42           62/66       1-NOV-1990 15:19:50.30
ITRANS.RNO;98           172/174     17-OCT-1990 11:17:05.09
ITRANSFORHY.RNO;5         2/6       30-MAY-1989 15:14:10.42
ITRANSTITLE.RNO;5         2/6       30-MAY-1989 15:14:13.28
ITRANS_FORMATS.RNO;1
                          9/12      15-MAR-1988 14:00:29.33
ITRANS_PROJECTIONS.RNO;3
                         56/60      17-MAR-1989 16:21:53.14
ITRANS_SPHEROIDS.RNO;2
                         14/18      17-MAR-1989 15:12:50.46
IWINDOW.RNO;54          113/114     26-FEB-1991 12:37:11.52

Total of 29 files, 2322/2412 blocks.
