Directory of OBJECT library LSL$ALPHA_ROOT:[MAPPING.LIB]IFFLIB.OLB;1 on  8-OCT-1993 16:00:43
Creation date:   7-OCT-1993 14:47:37      Creator:  VAX-11 Librarian V04-00
Revision date:   7-OCT-1993 14:47:39      Library format:   3.0
Number of modules:     92                 Max. key length:  31
Other entries:        184                 Preallocated index blocks:     23
Recoverable deleted blocks:      0        Total index blocks used:       14
Max. Number history records:      20      Library history records:        0

$IFFBF           Ident 05OC93           Inserted  5-OCT-1993 17:05:35 6 symbols
$IFFCY           Ident 23JL92           Inserted  5-OCT-1993 17:05:35 2 symbols
$IFFEC           Ident 02OC87           Inserted  5-OCT-1993 17:05:35 2 symbols
$IFFER           Ident 30NO87           Inserted  5-OCT-1993 17:05:35 3 symbols
$IFFFT           Ident 23JL92           Inserted  5-OCT-1993 17:05:35 25 symbols
$IFFIO           Ident 05OC93           Inserted  5-OCT-1993 17:05:36 5 symbols
$IFFMND          Ident 15DE89           Inserted  5-OCT-1993 17:05:37 3 symbols
$IFFOC           Ident 05OC93           Inserted  5-OCT-1993 17:05:36 18 symbols
$IFFRD           Ident 23JL92           Inserted  5-OCT-1993 17:05:36 7 symbols
$IFFTB           Ident 17OC89           Inserted  5-OCT-1993 17:05:34 1 symbol
$IFFTD           Ident 30OC86           Inserted  5-OCT-1993 17:05:36 2 symbols
$IFFWT           Ident 22OC86           Inserted  5-OCT-1993 17:05:36 10 symbols
$IFF_DEFACD      Ident 17JN88           Inserted  5-OCT-1993 17:05:35 1 symbol
EIHCPY           Ident 24NO81           Inserted  5-OCT-1993 17:05:37 1 symbol
EIHCPY_CB_TO_ST  Ident 10OC87           Inserted  5-OCT-1993 17:05:39 1 symbol
EIHCPY_ST_TO_CB  Ident 10OC87           Inserted  5-OCT-1993 17:05:39 1 symbol
EIHMK            Ident 24NO81           Inserted  5-OCT-1993 17:05:37 1 symbol
EIHPHI           Ident 24NO81           Inserted  5-OCT-1993 17:05:37 1 symbol
EIHRCB_DATA      Ident 14OC87           Inserted  5-OCT-1993 17:05:39 1 symbol
EIHRCB_HEAD      Ident 16OC87           Inserted  5-OCT-1993 17:05:39 1 symbol
EIHRI            Ident 21MY84           Inserted  5-OCT-1993 17:05:37 2 symbols
EIHRL            Ident 24NO81           Inserted  5-OCT-1993 17:05:37 2 symbols
EIHRS            Ident 24NO81           Inserted  5-OCT-1993 17:05:37 1 symbol
EIHRS_CB         Ident 10OC87           Inserted  5-OCT-1993 17:05:39 1 symbol
EIHR_ST_FROM_CB  Ident 10OC87           Inserted  5-OCT-1993 17:05:39 1 symbol
EIHWCB           Ident 16OC87           Inserted  5-OCT-1993 17:05:39 1 symbol
EIHWI            Ident 21MY84           Inserted  5-OCT-1993 17:05:37 2 symbols
EIHWL            Ident 24NO81           Inserted  5-OCT-1993 17:05:37 2 symbols
EIHW_ST_TO_CB    Ident 10OC87           Inserted  5-OCT-1993 17:05:39 1 symbol
IFCNJB           Ident 24NO81           Inserted  5-OCT-1993 17:05:39 1 symbol
IFF              Ident 5OC93            Inserted  5-OCT-1993 17:05:39 12 symbols
IFFAC            Ident 24NO81           Inserted  5-OCT-1993 17:05:38 1 symbol
IFFCB            Ident 09JN89           Inserted  5-OCT-1993 17:05:39 1 symbol
IFFCC            Ident 24NO81           Inserted  5-OCT-1993 17:05:38 1 symbol
IFFCH            Ident 24NO81           Inserted  5-OCT-1993 17:05:38 1 symbol
IFFCKF           Ident 24NO81           Inserted  5-OCT-1993 17:05:38 1 symbol
IFFCLR           Ident 24NO81           Inserted  5-OCT-1993 17:05:38 1 symbol
IFFCP            Ident 24NO81           Inserted  5-OCT-1993 17:05:38 1 symbol
IFFCS            Ident 24NO81           Inserted  5-OCT-1993 17:05:38 1 symbol
IFFCVT           Ident 20OC87           Inserted  5-OCT-1993 17:05:39 1 symbol
IFFDEL           Ident 24NO81           Inserted  5-OCT-1993 17:05:38 1 symbol
IFFECS           Ident 24NO81           Inserted  5-OCT-1993 17:05:38 1 symbol
IFFEF            Ident 24NO81           Inserted  5-OCT-1993 17:05:38 1 symbol
IFFEIH           Ident 27OC87           Inserted  5-OCT-1993 17:05:37 3 symbols
IFFEJ            Ident 24NO81           Inserted  5-OCT-1993 17:05:38 1 symbol
IFFEM            Ident 24NO81           Inserted  5-OCT-1993 17:05:38 1 symbol
IFFEO            Ident 24NO81           Inserted  5-OCT-1993 17:05:38 1 symbol
IFFEST           Ident 14NO85           Inserted  5-OCT-1993 17:05:38 1 symbol
IFFFS            Ident 24NO81           Inserted  5-OCT-1993 17:05:38 1 symbol
IFFHI            Ident 24NO81           Inserted  5-OCT-1993 17:05:38 1 symbol
IFFJB            Ident 24NO81           Inserted  5-OCT-1993 17:05:38 1 symbol
IFFJP            Ident 24NO81           Inserted  5-OCT-1993 17:05:38 1 symbol
IFFMD            Ident 11OC87           Inserted  5-OCT-1993 17:05:38 1 symbol
IFFMH            Ident 24NO81           Inserted  5-OCT-1993 17:05:38 1 symbol
IFFNF            Ident 24NO81           Inserted  5-OCT-1993 17:05:38 1 symbol
IFFNO            Ident 08JL82           Inserted  5-OCT-1993 17:05:38 1 symbol
IFFNS            Ident 24NO81           Inserted  5-OCT-1993 17:05:38 1 symbol
IFFNXC           Ident 24NO81           Inserted  5-OCT-1993 17:05:38 1 symbol
IFFNXT           Ident 24NO81           Inserted  5-OCT-1993 17:05:38 1 symbol
IFFPKE           Ident 24NO81           Inserted  5-OCT-1993 17:05:38 1 symbol
IFFRA            Ident 24NO81           Inserted  5-OCT-1993 17:05:38 1 symbol
IFFRO            Ident 24NO81           Inserted  5-OCT-1993 17:05:38 1 symbol
IFFRWD           Ident 24NO81           Inserted  5-OCT-1993 17:05:38 1 symbol
IFFRWM           Ident 24NO81           Inserted  5-OCT-1993 17:05:38 1 symbol
IFFS2I           Ident 24NO81           Inserted  5-OCT-1993 17:05:38 1 symbol
IFFSH            Ident 24NO81           Inserted  5-OCT-1993 17:05:39 1 symbol
IFFSL            Ident 24NO81           Inserted  5-OCT-1993 17:05:38 1 symbol
IFFSS            Ident 24NO81           Inserted  5-OCT-1993 17:05:38 1 symbol
IFFST            Ident 24NO81           Inserted  5-OCT-1993 17:05:38 1 symbol
IFFST_TO_CB      Ident 10OC87           Inserted  5-OCT-1993 17:05:39 1 symbol
IFFTC            Ident 24NO81           Inserted  5-OCT-1993 17:05:38 1 symbol
IFFTH            Ident 24NO81           Inserted  5-OCT-1993 17:05:38 1 symbol
IFFTS            Ident 24NO81           Inserted  5-OCT-1993 17:05:38 1 symbol
IFFTX            Ident 24NO81           Inserted  5-OCT-1993 17:05:38 1 symbol
IFFUNO           Ident 09JA86           Inserted  5-OCT-1993 17:05:38 1 symbol
IFFVER           Ident 18DE89           Inserted  5-OCT-1993 17:05:38 1 symbol
IFFVOM           Ident 24NO81           Inserted  5-OCT-1993 17:05:38 1 symbol
IFFWHI           Ident 28OC86           Inserted  5-OCT-1993 17:05:39 1 symbol
IFFZS            Ident 24OC84           Inserted  5-OCT-1993 17:05:38 1 symbol
IFF_COORDS       Ident 18JA89           Inserted  5-OCT-1993 17:05:37 1 symbol
IFF_FIND_XYZ     Ident 10OC87           Inserted  5-OCT-1993 17:05:39 1 symbol
IFJCR            Ident 14NO85           Inserted  5-OCT-1993 17:05:39 1 symbol
IFJNXT           Ident 24NO81           Inserted  5-OCT-1993 17:05:39 2 symbols
IFJSCN           Ident 24NO81           Inserted  5-OCT-1993 17:05:39 1 symbol
IFJSEC           Ident 24NO81           Inserted  5-OCT-1993 17:05:39 1 symbol
IFS_CB_COMPRESS  Ident 30NO87           Inserted  5-OCT-1993 17:05:39 1 symbol
IFS_CB_READ      Ident 08OC87           Inserted  5-OCT-1993 17:05:39 1 symbol
IFS_CB_SCAN      Ident 18DE87           Inserted  5-OCT-1993 17:05:39 1 symbol
IFS_CB_SCAN_ADDCOL Ident 18DE87 Inserted  5-OCT-1993 17:05:39 1 symbol
IFS_CB_WRITE     Ident 08OC87           Inserted  5-OCT-1993 17:05:39 1 symbol
IS_REAL_AC       Ident 17SE86           Inserted  5-OCT-1993 17:05:38 1 symbol
JIHR             Ident 24NO81           Inserted  5-OCT-1993 17:05:39 3 symbols
