---------------------------------------------------------------------------------------------------------
AXPCHK of LSL$AXP_PUBLIC_ROOT:[*...] against LSL$PUBLIC_ROOT: at 21-MAR-1994 16:30:06.88
---------------------------------------------------------------------------------------------------------
[CONVERT.EXE]I2ARC.EXE  *** LSL$PUBLIC_ROOT: more recent (AXP 23-AUG-1993 14:39:26.45  VAX 19-JAN-1994 17:32:26.87)
[CONVERT.EXE]IFF2SIF.EXE  *** LSL$PUBLIC_ROOT: more recent (AXP 12-AUG-1993 10:36:43.56  VAX 12-DEC-1993 13:29:33.23)
[DTMCREATE.EXE]LSL$DTM_GKSSHR.IIF  *** Not _TV or _AXP ***
[DTMCREATE.EXE]TRIANG.EXE  *** LSL$PUBLIC_ROOT: more recent (AXP 12-AUG-1993 11:13:20.28  VAX 18-FEB-1994 11:12:15.75)
[FLOWLINE.ACCEPT]FLOWLINE.RDB  *** Not _TV or _AXP ***
[FLOWLINE.ACCEPT]FLOWLINE.SNP  *** Not _TV or _AXP ***
[FLOWLINE.EXE]LAMPSCONTROL.EXE  *** LSL$PUBLIC_ROOT: more recent (AXP 31-MAR-1993 10:25:54.91  VAX 16-SEP-1993 18:03:22.15)
[HORIZON.EXE]PROFILE_AREAS.IIF  *** Not _TV or _AXP ***
[IMP.EXE]IFIXAREA.EXE  *** LSL$PUBLIC_ROOT: more recent (AXP 10-AUG-1993 15:38:17.62  VAX 15-NOV-1993 16:15:21.50)
[IMP.EXE]IINFO.EXE  *** LSL$PUBLIC_ROOT: more recent (AXP 10-AUG-1993 15:39:10.53  VAX 18-NOV-1993 11:34:33.72)
[IMP.EXE]IRECODE.EXE  *** LSL$PUBLIC_ROOT: more recent (AXP 10-AUG-1993 15:40:52.08  VAX 24-AUG-1993 17:25:43.12)
[LITES2.EXE]ALPHA_LAMPS_TRIAL.LIC  *** Not on LSL$PUBLIC_ROOT: ***
[LITES2.EXE]DEVELOPMENT.EXE  *** Not on LSL$PUBLIC_ROOT: ***
[LITES2.EXE]LCMSQUASH.EXE  *** LSL$PUBLIC_ROOT: more recent (AXP 29-SEP-1993 12:28:43.86  VAX 28-JAN-1994 12:36:49.15)
[LITES2.EXE]LITES2GEOGSHR.EXE  *** LSL$PUBLIC_ROOT: more recent (AXP 16-AUG-1993 08:46:13.27  VAX 17-JAN-1994 10:15:51.20)
[LITES2.EXE]LITES2MOTIF.EXE  *** LSL$PUBLIC_ROOT: more recent (AXP 23-AUG-1993 17:43:03.33  VAX 25-FEB-1994 16:28:17.58)
[LSLINTERNAL.COM]LITES2_AXP_LIC.COM  *** Not _TV or _AXP ***
[LSLINTERNAL.COM]VEST_PROGRAM.COM  *** Not _TV or _AXP ***
[LSLINTERNAL.COM]VEST_PUBLIC.COM  *** Not _TV or _AXP ***
[LSLINTERNAL.COM]VEST_SETUP.COM  *** Not _TV or _AXP ***
[LSLSYSTEM.LIB]LSL$LSLGOTHICSHR.IIF  *** Not _TV or _AXP ***
[LSLSYSTEM.LIB]LSL$LSLSHR.IIF  *** Not _TV or _AXP ***
[LSLSYSTEM.LIB]LSLGOTHICSHR.EXE  *** LSL$PUBLIC_ROOT: more recent (AXP 16-AUG-1993 12:01:06.88  VAX  1-NOV-1993 17:00:18.57)
[LSRRASTER.EXE]ICOEFFS.EXE  *** LSL$PUBLIC_ROOT: more recent (AXP 15-MAR-1994 15:33:03.04  VAX 17-MAR-1994 13:47:55.36)
[LSRRASTER.EXE]LSRPROCESS.EXE  *** LSL$PUBLIC_ROOT: more recent (AXP 23-NOV-1993 10:49:07.51  VAX 24-NOV-1993 11:36:15.95)
[MAPPING.LIB]LSL$IFFSHR.IIF  *** Not _TV or _AXP ***
[PLOTTING.EXE]FPPPOSTSCRIPT.EXE  *** LSL$PUBLIC_ROOT: more recent (AXP 16-AUG-1993 11:11:12.84  VAX 20-JAN-1994 12:40:56.85)
[PLOTTING.EXE]FPPSHR.EXE  *** LSL$PUBLIC_ROOT: more recent (AXP 16-AUG-1993 11:10:59.11  VAX 15-FEB-1994 15:06:14.50)
[PLOTTING.EXE]GKSCAL5800SHR.EXE  *** LSL$PUBLIC_ROOT: more recent (AXP 16-AUG-1993 11:06:41.74  VAX 10-JAN-1994 15:22:27.36)
[PLOTTING.EXE]GKSHCBSSHR.EXE  *** LSL$PUBLIC_ROOT: more recent (AXP 16-AUG-1993 11:08:20.68  VAX 10-JAN-1994 15:01:34.79)
[PLOTTING.EXE]GKSHPSHR.EXE  *** LSL$PUBLIC_ROOT: more recent (AXP 16-AUG-1993 11:07:55.33  VAX 10-JAN-1994 15:03:44.78)
[PLOTTING.EXE]GKSMOTIFSHR.EXE  *** LSL$PUBLIC_ROOT: more recent (AXP 16-AUG-1993 11:08:49.34  VAX 24-FEB-1994 17:01:17.33)
[PLOTTING.EXE]GKSPOSTSCRIPTSHR.EXE  *** LSL$PUBLIC_ROOT: more recent (AXP 16-AUG-1993 11:06:10.00  VAX 23-FEB-1994 14:33:01.92)
[PLOTTING.EXE]GKSPRIMSHR.EXE  *** LSL$PUBLIC_ROOT: more recent (AXP 16-AUG-1993 11:09:47.82  VAX 10-JAN-1994 15:13:11.81)
[SODTELS]GS.COM  *** Not _TV or _AXP ***
[XGIS.COM]XGIS_AXP_FRIG.COM  *** Not _TV or _AXP ***
[XGIS.EXE]NETWORK.IIF  *** Not _TV or _AXP ***
[XGIS.EXE]NETWORK.EXE_SAV  *** Not on LSL$PUBLIC_ROOT: ***
[XGIS.EXE]NETWORK.LIS  *** Not on LSL$PUBLIC_ROOT: ***
[XGIS.EXE]XGIS_DB_BLOCK.IIF  *** Not _TV or _AXP ***
[XGIS.EXE]XGIS_HARDCOPY.IIF  *** Not _TV or _AXP ***
[XGIS.EXE]XGIS_HARDCOPY.EXE_SAV  *** Not on LSL$PUBLIC_ROOT: ***
[XGIS.EXE]XGIS_HARDCOPY.LIS  *** Not on LSL$PUBLIC_ROOT: ***
[XGIS.EXE]XGIS_ORACLE_BLOCK.IIF  *** Not _TV or _AXP ***
[XGIS.EXE]XGIS_ORACLE_BLOCK.EXE_SAV  *** Not on LSL$PUBLIC_ROOT: ***
[XGIS.EXE]XGIS_ORACLE_BLOCK.LIS  *** Not on LSL$PUBLIC_ROOT: ***
[XGIS.EXE]XGIS_ORACLE_INTERFACE.IIF  *** Not _TV or _AXP ***
[XGIS.EXE]XGIS_ORACLE_INTERFACE.EXE_SAV  *** Not on LSL$PUBLIC_ROOT: ***
[XGIS.EXE]XGIS_ORACLE_INTERFACE.LIS  *** Not on LSL$PUBLIC_ROOT: ***
[XGIS.EXE]XGIS_ORACLE_RELEVANT.IIF  *** Not _TV or _AXP ***
[XGIS.EXE]XGIS_ORACLE_RELEVANT.EXE_SAV  *** Not on LSL$PUBLIC_ROOT: ***
[XGIS.EXE]XGIS_ORACLE_RELEVANT.LIS  *** Not on LSL$PUBLIC_ROOT: ***
[XGIS.EXE]XGIS_RANGE.EXE_SAV  *** Not on LSL$PUBLIC_ROOT: ***
[XGIS.EXE]XGIS_RANGE.LIS  *** Not on LSL$PUBLIC_ROOT: ***
[XGIS.EXE]XGIS_RDB_BLOCK.IIF  *** Not _TV or _AXP ***
[XGIS.EXE]XGIS_RDB_BLOCK.EXE_SAV  *** Not on LSL$PUBLIC_ROOT: ***
[XGIS.EXE]XGIS_RDB_BLOCK.LIS  *** Not on LSL$PUBLIC_ROOT: ***
[XGIS.EXE]XGIS_RDB_INTERFACE.IIF  *** Not _TV or _AXP ***
[XGIS.EXE]XGIS_RDB_INTERFACE.EXE_SAV  *** Not on LSL$PUBLIC_ROOT: ***
[XGIS.EXE]XGIS_RDB_INTERFACE.LIS  *** Not on LSL$PUBLIC_ROOT: ***
[XGIS.EXE]XGIS_RDB_RELEVANT.IIF  *** Not _TV or _AXP ***
[XGIS.EXE]XGIS_RDB_RELEVANT.EXE_SAV  *** Not on LSL$PUBLIC_ROOT: ***
[XGIS.EXE]XGIS_RDB_RELEVANT.LIS  *** Not on LSL$PUBLIC_ROOT: ***
[XGIS.EXE]XGIS_START.EXE_SAV  *** Not on LSL$PUBLIC_ROOT: ***
[XGIS.EXE]XGIS_START.LIS  *** Not on LSL$PUBLIC_ROOT: ***
[XGIS.OLD]NETWORK.IIF  *** Not _TV or _AXP ***
[XGIS.OLD]NETWORK.EXE  *** Not on LSL$PUBLIC_ROOT: ***
[XGIS.OLD]NETWORK.EXE_SAV  *** Not on LSL$PUBLIC_ROOT: ***
[XGIS.OLD]PROFILE_AREAS.IIF  *** Not _TV or _AXP ***
[XGIS.OLD]PROFILE_AREAS.EXE  *** Not on LSL$PUBLIC_ROOT: ***
[XGIS.OLD]XGIS_DB_BLOCK.IIF  *** Not _TV or _AXP ***
[XGIS.OLD]XGIS_HARDCOPY.IIF  *** Not _TV or _AXP ***
[XGIS.OLD]XGIS_HARDCOPY.EXE  *** Not on LSL$PUBLIC_ROOT: ***
[XGIS.OLD]XGIS_HARDCOPY.EXE_SAV  *** Not on LSL$PUBLIC_ROOT: ***
[XGIS.OLD]XGIS_ORACLE_BLOCK.IIF  *** Not _TV or _AXP ***
[XGIS.OLD]XGIS_ORACLE_BLOCK.EXE  *** Not on LSL$PUBLIC_ROOT: ***
[XGIS.OLD]XGIS_ORACLE_INTERFACE.IIF  *** Not _TV or _AXP ***
[XGIS.OLD]XGIS_ORACLE_INTERFACE.EXE  *** Not on LSL$PUBLIC_ROOT: ***
[XGIS.OLD]XGIS_ORACLE_RELEVANT.IIF  *** Not _TV or _AXP ***
[XGIS.OLD]XGIS_ORACLE_RELEVANT.EXE  *** Not on LSL$PUBLIC_ROOT: ***
[XGIS.OLD]XGIS_RANGE.EXE  *** Not on LSL$PUBLIC_ROOT: ***
[XGIS.OLD]XGIS_RANGE.EXE_SAV  *** Not on LSL$PUBLIC_ROOT: ***
[XGIS.OLD]XGIS_RDB_BLOCK.IIF  *** Not _TV or _AXP ***
[XGIS.OLD]XGIS_RDB_BLOCK.EXE  *** Not on LSL$PUBLIC_ROOT: ***
[XGIS.OLD]XGIS_RDB_INTERFACE.IIF  *** Not _TV or _AXP ***
[XGIS.OLD]XGIS_RDB_INTERFACE.EXE  *** Not on LSL$PUBLIC_ROOT: ***
[XGIS.OLD]XGIS_RDB_RELEVANT.IIF  *** Not _TV or _AXP ***
[XGIS.OLD]XGIS_RDB_RELEVANT.EXE  *** Not on LSL$PUBLIC_ROOT: ***
[XGIS.OLD]XGIS_START.EXE  *** Not on LSL$PUBLIC_ROOT: ***
[XGIS.OLD]XGIS_START.EXE_SAV  *** Not on LSL$PUBLIC_ROOT: ***
[XGIS.OLD]XGIS_TXLOSS.EXE  *** Not on LSL$PUBLIC_ROOT: ***
